2020-02-10 11:55:14,410 INFO com.oc.webapp.WebappApplication [main] No active profile set, falling back to default profiles: default
2020-02-10 11:55:15,749 DEBUG com.oc.webapp.WebappApplication$1 [main] Code archive: C:\env\maven\repository\org\springframework\boot\spring-boot\2.2.2.RELEASE\spring-boot-2.2.2.RELEASE.jar
2020-02-10 11:55:15,749 DEBUG com.oc.webapp.WebappApplication$1 [main] Code archive: C:\env\maven\repository\org\springframework\boot\spring-boot\2.2.2.RELEASE\spring-boot-2.2.2.RELEASE.jar
2020-02-10 11:55:15,749 DEBUG com.oc.webapp.WebappApplication$1 [main] None of the document roots [src/main/webapp, public, static] point to a directory and will be ignored.
2020-02-10 11:55:18,276 INFO com.oc.webapp.WebappApplication [main] Started WebappApplication in 5.138 seconds (JVM running for 5.711)
2020-02-10 11:55:34,015 INFO com.oc.webapp.web.controllers.WebappController [https-jsse-nio-9002-exec-5] Reach url: /books - GET
2020-02-10 11:55:58,742 INFO com.oc.webapp.web.controllers.WebappController [https-jsse-nio-9002-exec-1] Reach url: /connexion - GET
2020-02-10 11:55:59,891 INFO com.oc.webapp.web.controllers.WebappController [https-jsse-nio-9002-exec-3] Reach url: /books - GET
2020-02-10 11:56:01,532 INFO com.oc.webapp.web.controllers.WebappController [https-jsse-nio-9002-exec-6] Reach url: /books - GET
2020-02-10 11:56:02,427 INFO com.oc.webapp.web.controllers.WebappController [https-jsse-nio-9002-exec-5] Reach url: /books - GET
2020-02-10 11:56:11,104 INFO com.oc.webapp.web.controllers.WebappController [https-jsse-nio-9002-exec-9] Reach url: /books - GET
2020-02-10 11:56:22,479 INFO com.oc.webapp.web.controllers.WebappController [https-jsse-nio-9002-exec-1] Reach url: /books - GET
2020-02-10 11:56:30,535 INFO com.oc.webapp.web.controllers.WebappController [https-jsse-nio-9002-exec-6] Reach url: /connexion - GET
2020-02-10 11:56:44,826 INFO com.oc.webapp.web.controllers.WebappController [https-jsse-nio-9002-exec-8] Reach url: /profile - GET
2020-02-10 11:56:44,826 DEBUG com.oc.webapp.service.impl.WebappServiceImpl [https-jsse-nio-9002-exec-8] Getting active borrows for current authenticated user
2020-02-10 11:56:44,826 DEBUG com.oc.webapp.service.impl.WebappServiceImpl [https-jsse-nio-9002-exec-8] Getting authenticated current user id
2020-02-10 11:56:48,574 INFO com.oc.webapp.web.controllers.WebappController [https-jsse-nio-9002-exec-1] Reach url: /connexion - GET
2020-02-10 11:56:53,328 INFO com.oc.webapp.web.controllers.WebappController [https-jsse-nio-9002-exec-7] Reach url: /books - GET
2020-02-10 12:00:27,632 INFO com.oc.webapp.web.controllers.WebappController [https-jsse-nio-9002-exec-10] Reach url: /books - GET
2020-02-10 12:06:12,722 INFO com.oc.webapp.web.controllers.WebappController [https-jsse-nio-9002-exec-4] Reach url: /books - GET
2020-02-10 12:10:27,613 INFO com.oc.webapp.web.controllers.WebappController [https-jsse-nio-9002-exec-7] Reach url: /connexion - GET
2020-02-10 14:30:12,463 INFO com.oc.webapp.web.controllers.WebappController [https-jsse-nio-9002-exec-10] Reach url: /books - GET
2020-02-10 14:30:24,126 INFO com.oc.webapp.web.controllers.WebappController [https-jsse-nio-9002-exec-5] Reach url: /connexion - GET
2020-02-10 14:30:36,289 INFO com.oc.webapp.web.controllers.WebappController [https-jsse-nio-9002-exec-9] Reach url: /books - GET
2020-02-10 14:30:38,156 INFO com.oc.webapp.web.controllers.WebappController [https-jsse-nio-9002-exec-7] Reach url: /profile - GET
2020-02-10 14:30:38,156 DEBUG com.oc.webapp.service.impl.WebappServiceImpl [https-jsse-nio-9002-exec-7] Getting active borrows for current authenticated user
2020-02-10 14:30:38,156 DEBUG com.oc.webapp.service.impl.WebappServiceImpl [https-jsse-nio-9002-exec-7] Getting authenticated current user id
2020-02-10 14:30:46,272 INFO com.oc.webapp.web.controllers.WebappController [https-jsse-nio-9002-exec-10] Reach url: /profile - POST
2020-02-10 14:30:46,273 DEBUG com.oc.webapp.service.impl.WebappServiceImpl [https-jsse-nio-9002-exec-10] Extending Borrow bean duration
2020-02-10 14:30:46,783 INFO com.oc.webapp.web.controllers.WebappController [https-jsse-nio-9002-exec-1] Reach url: /profile - GET
2020-02-10 14:30:46,783 DEBUG com.oc.webapp.service.impl.WebappServiceImpl [https-jsse-nio-9002-exec-1] Getting active borrows for current authenticated user
2020-02-10 14:30:46,783 DEBUG com.oc.webapp.service.impl.WebappServiceImpl [https-jsse-nio-9002-exec-1] Getting authenticated current user id
2020-02-10 14:33:40,732 INFO com.oc.webapp.web.controllers.WebappController [https-jsse-nio-9002-exec-10] Reach url: /profile - GET
2020-02-10 14:33:40,732 DEBUG com.oc.webapp.service.impl.WebappServiceImpl [https-jsse-nio-9002-exec-10] Getting active borrows for current authenticated user
2020-02-10 14:33:40,732 DEBUG com.oc.webapp.service.impl.WebappServiceImpl [https-jsse-nio-9002-exec-10] Getting authenticated current user id
2020-02-10 14:33:45,954 INFO com.oc.webapp.web.controllers.WebappController [https-jsse-nio-9002-exec-9] Reach url: /connexion - GET
2020-02-10 14:33:46,599 INFO com.oc.webapp.web.controllers.WebappController [https-jsse-nio-9002-exec-4] Reach url: /connexion - GET
2020-02-10 14:33:48,886 INFO com.oc.webapp.web.controllers.WebappController [https-jsse-nio-9002-exec-6] Reach url: /connexion - GET
2020-02-10 14:33:49,717 INFO com.oc.webapp.web.controllers.WebappController [https-jsse-nio-9002-exec-1] Reach url: /books - GET
2020-02-10 14:35:29,860 INFO com.oc.webapp.web.controllers.WebappController [https-jsse-nio-9002-exec-1] Reach url: /books - GET
2020-02-10 14:35:40,746 INFO com.oc.webapp.web.controllers.WebappController [https-jsse-nio-9002-exec-5] Reach url: /connexion - GET
2020-02-10 14:35:45,812 INFO com.oc.webapp.web.controllers.WebappController [https-jsse-nio-9002-exec-7] Reach url: /profile - GET
2020-02-10 14:35:45,813 DEBUG com.oc.webapp.service.impl.WebappServiceImpl [https-jsse-nio-9002-exec-7] Getting active borrows for current authenticated user
2020-02-10 14:35:45,813 DEBUG com.oc.webapp.service.impl.WebappServiceImpl [https-jsse-nio-9002-exec-7] Getting authenticated current user id
2020-02-10 14:35:52,198 INFO com.oc.webapp.web.controllers.WebappController [https-jsse-nio-9002-exec-6] Reach url: /profile - POST
2020-02-10 14:35:52,198 DEBUG com.oc.webapp.service.impl.WebappServiceImpl [https-jsse-nio-9002-exec-6] Extending Borrow bean duration
2020-02-10 14:35:52,434 INFO com.oc.webapp.web.controllers.WebappController [https-jsse-nio-9002-exec-3] Reach url: /profile - GET
2020-02-10 14:35:52,435 DEBUG com.oc.webapp.service.impl.WebappServiceImpl [https-jsse-nio-9002-exec-3] Getting active borrows for current authenticated user
2020-02-10 14:35:52,435 DEBUG com.oc.webapp.service.impl.WebappServiceImpl [https-jsse-nio-9002-exec-3] Getting authenticated current user id
2020-02-10 14:37:02,802 INFO com.oc.webapp.web.controllers.WebappController [https-jsse-nio-9002-exec-1] Reach url: /profile - GET
2020-02-10 14:37:02,802 DEBUG com.oc.webapp.service.impl.WebappServiceImpl [https-jsse-nio-9002-exec-1] Getting active borrows for current authenticated user
2020-02-10 14:37:02,802 DEBUG com.oc.webapp.service.impl.WebappServiceImpl [https-jsse-nio-9002-exec-1] Getting authenticated current user id
2020-02-10 14:37:23,038 INFO com.oc.webapp.web.controllers.WebappController [https-jsse-nio-9002-exec-3] Reach url: /profile - GET
2020-02-10 14:37:23,038 DEBUG com.oc.webapp.service.impl.WebappServiceImpl [https-jsse-nio-9002-exec-3] Getting active borrows for current authenticated user
2020-02-10 14:37:23,038 DEBUG com.oc.webapp.service.impl.WebappServiceImpl [https-jsse-nio-9002-exec-3] Getting authenticated current user id
2020-02-10 16:41:11,817 INFO com.oc.webapp.WebappApplication [main] No active profile set, falling back to default profiles: default
2020-02-10 16:41:12,992 DEBUG com.oc.webapp.WebappApplication$1 [main] Code archive: C:\env\maven\repository\org\springframework\boot\spring-boot\2.2.2.RELEASE\spring-boot-2.2.2.RELEASE.jar
2020-02-10 16:41:12,993 DEBUG com.oc.webapp.WebappApplication$1 [main] Code archive: C:\env\maven\repository\org\springframework\boot\spring-boot\2.2.2.RELEASE\spring-boot-2.2.2.RELEASE.jar
2020-02-10 16:41:12,993 DEBUG com.oc.webapp.WebappApplication$1 [main] None of the document roots [src/main/webapp, public, static] point to a directory and will be ignored.
2020-02-10 16:41:15,127 INFO com.oc.webapp.WebappApplication [main] Started WebappApplication in 4.45 seconds (JVM running for 5.006)
2020-02-10 16:41:28,363 INFO com.oc.webapp.web.controllers.WebappController [https-jsse-nio-9002-exec-7] Reach url: /books - GET
2020-02-10 16:45:28,116 INFO com.oc.webapp.web.controllers.WebappController [https-jsse-nio-9002-exec-4] Reach url: /books - GET
2020-02-10 16:45:39,431 INFO com.oc.webapp.web.controllers.WebappController [https-jsse-nio-9002-exec-8] Reach url: /connexion - GET
2020-02-10 16:45:52,905 INFO com.oc.webapp.web.controllers.WebappController [https-jsse-nio-9002-exec-4] Reach url: /books - GET
2020-02-10 16:45:54,466 INFO com.oc.webapp.web.controllers.WebappController [https-jsse-nio-9002-exec-9] Reach url: /profile - GET
2020-02-10 16:45:54,466 DEBUG com.oc.webapp.service.impl.WebappServiceImpl [https-jsse-nio-9002-exec-9] Getting active borrows for current authenticated user
2020-02-10 16:45:54,466 DEBUG com.oc.webapp.service.impl.WebappServiceImpl [https-jsse-nio-9002-exec-9] Getting authenticated current user id
2020-02-10 16:46:02,741 INFO com.oc.webapp.web.controllers.WebappController [https-jsse-nio-9002-exec-5] Reach url: /profile - POST
2020-02-10 16:46:02,742 DEBUG com.oc.webapp.service.impl.WebappServiceImpl [https-jsse-nio-9002-exec-5] Extending Borrow bean duration
2020-02-10 16:46:03,001 INFO com.oc.webapp.web.controllers.WebappController [https-jsse-nio-9002-exec-8] Reach url: /profile - GET
2020-02-10 16:46:03,001 DEBUG com.oc.webapp.service.impl.WebappServiceImpl [https-jsse-nio-9002-exec-8] Getting active borrows for current authenticated user
2020-02-10 16:46:03,001 DEBUG com.oc.webapp.service.impl.WebappServiceImpl [https-jsse-nio-9002-exec-8] Getting authenticated current user id
2020-02-10 16:48:10,071 INFO com.oc.webapp.web.controllers.WebappController [https-jsse-nio-9002-exec-8] Reach url: /profile - GET
2020-02-10 16:48:10,072 DEBUG com.oc.webapp.service.impl.WebappServiceImpl [https-jsse-nio-9002-exec-8] Getting active borrows for current authenticated user
2020-02-10 16:48:10,072 DEBUG com.oc.webapp.service.impl.WebappServiceImpl [https-jsse-nio-9002-exec-8] Getting authenticated current user id
2020-02-10 16:48:26,092 INFO com.oc.webapp.web.controllers.WebappController [https-jsse-nio-9002-exec-10] Reach url: /profile - GET
2020-02-10 16:48:26,092 DEBUG com.oc.webapp.service.impl.WebappServiceImpl [https-jsse-nio-9002-exec-10] Getting active borrows for current authenticated user
2020-02-10 16:48:26,092 DEBUG com.oc.webapp.service.impl.WebappServiceImpl [https-jsse-nio-9002-exec-10] Getting authenticated current user id
2020-02-10 17:05:03,343 INFO com.oc.webapp.web.controllers.WebappController [https-jsse-nio-9002-exec-8] Reach url: /connexion - GET
2020-02-10 17:05:05,113 INFO com.oc.webapp.web.controllers.WebappController [https-jsse-nio-9002-exec-10] Reach url: /books - GET
2020-02-10 17:06:12,423 INFO com.oc.webapp.web.controllers.WebappController [https-jsse-nio-9002-exec-1] Reach url: /books - GET
2020-02-10 17:06:14,478 INFO com.oc.webapp.web.controllers.WebappController [https-jsse-nio-9002-exec-4] Reach url: /books - GET
2020-02-10 17:06:17,159 INFO com.oc.webapp.web.controllers.WebappController [https-jsse-nio-9002-exec-7] Reach url: /connexion - GET
2020-02-10 17:06:22,951 INFO com.oc.webapp.web.controllers.WebappController [https-jsse-nio-9002-exec-10] Reach url: /connexion - GET
2020-02-10 17:06:23,014 INFO com.oc.webapp.web.controllers.WebappController [https-jsse-nio-9002-exec-3] Reach url: /books - GET
2020-02-10 17:06:24,764 INFO com.oc.webapp.web.controllers.WebappController [https-jsse-nio-9002-exec-6] Reach url: /profile - GET
2020-02-10 17:06:24,764 DEBUG com.oc.webapp.service.impl.WebappServiceImpl [https-jsse-nio-9002-exec-6] Getting active borrows for current authenticated user
2020-02-10 17:06:24,764 DEBUG com.oc.webapp.service.impl.WebappServiceImpl [https-jsse-nio-9002-exec-6] Getting authenticated current user id
2020-02-10 17:06:35,046 INFO com.oc.webapp.web.controllers.WebappController [https-jsse-nio-9002-exec-3] Reach url: /connexion - GET
2020-02-10 17:06:37,980 INFO com.oc.webapp.web.controllers.WebappController [https-jsse-nio-9002-exec-8] Reach url: /books - GET
2020-02-10 17:11:22,898 INFO com.oc.webapp.web.controllers.WebappController [https-jsse-nio-9002-exec-6] Reach url: /books - GET
2020-02-10 17:19:56,129 INFO com.oc.webapp.web.controllers.WebappController [https-jsse-nio-9002-exec-3] Reach url: /books - GET
2020-02-10 17:20:09,776 INFO com.oc.webapp.web.controllers.WebappController [https-jsse-nio-9002-exec-10] Reach url: /connexion - GET
2020-02-10 17:20:18,092 INFO com.oc.webapp.web.controllers.WebappController [https-jsse-nio-9002-exec-3] Reach url: /books - GET
2020-02-10 17:20:21,157 INFO com.oc.webapp.web.controllers.WebappController [https-jsse-nio-9002-exec-8] Reach url: /profile - GET
2020-02-10 17:20:21,158 DEBUG com.oc.webapp.service.impl.WebappServiceImpl [https-jsse-nio-9002-exec-8] Getting active borrows for current authenticated user
2020-02-10 17:20:21,158 DEBUG com.oc.webapp.service.impl.WebappServiceImpl [https-jsse-nio-9002-exec-8] Getting authenticated current user id
2020-02-10 17:20:37,193 INFO com.oc.webapp.web.controllers.WebappController [https-jsse-nio-9002-exec-5] Reach url: /profile - POST
2020-02-10 17:20:37,193 DEBUG com.oc.webapp.service.impl.WebappServiceImpl [https-jsse-nio-9002-exec-5] Extending Borrow bean duration
2020-02-10 17:20:37,466 INFO com.oc.webapp.web.controllers.WebappController [https-jsse-nio-9002-exec-7] Reach url: /profile - GET
2020-02-10 17:20:37,467 DEBUG com.oc.webapp.service.impl.WebappServiceImpl [https-jsse-nio-9002-exec-7] Getting active borrows for current authenticated user
2020-02-10 17:20:37,467 DEBUG com.oc.webapp.service.impl.WebappServiceImpl [https-jsse-nio-9002-exec-7] Getting authenticated current user id
2020-02-10 17:22:18,106 INFO com.oc.webapp.web.controllers.WebappController [https-jsse-nio-9002-exec-5] Reach url: /profile - GET
2020-02-10 17:22:18,106 DEBUG com.oc.webapp.service.impl.WebappServiceImpl [https-jsse-nio-9002-exec-5] Getting active borrows for current authenticated user
2020-02-10 17:22:18,106 DEBUG com.oc.webapp.service.impl.WebappServiceImpl [https-jsse-nio-9002-exec-5] Getting authenticated current user id
2020-02-10 17:22:40,580 INFO com.oc.webapp.web.controllers.WebappController [https-jsse-nio-9002-exec-1] Reach url: /profile - GET
2020-02-10 17:22:40,580 DEBUG com.oc.webapp.service.impl.WebappServiceImpl [https-jsse-nio-9002-exec-1] Getting active borrows for current authenticated user
2020-02-10 17:22:40,580 DEBUG com.oc.webapp.service.impl.WebappServiceImpl [https-jsse-nio-9002-exec-1] Getting authenticated current user id
2020-02-10 17:42:28,398 INFO com.oc.webapp.web.controllers.WebappController [https-jsse-nio-9002-exec-8] Reach url: /books - GET
2020-02-10 17:42:46,774 INFO com.oc.webapp.web.controllers.WebappController [https-jsse-nio-9002-exec-4] Reach url: /books - GET
2020-02-10 17:43:17,712 INFO com.oc.webapp.web.controllers.WebappController [https-jsse-nio-9002-exec-2] Reach url: /books - GET
2020-02-10 17:43:57,199 INFO com.oc.webapp.web.controllers.WebappController [https-jsse-nio-9002-exec-5] Reach url: /profile - GET
2020-02-10 17:43:57,200 DEBUG com.oc.webapp.service.impl.WebappServiceImpl [https-jsse-nio-9002-exec-5] Getting active borrows for current authenticated user
2020-02-10 17:43:57,200 DEBUG com.oc.webapp.service.impl.WebappServiceImpl [https-jsse-nio-9002-exec-5] Getting authenticated current user id
2020-02-10 17:44:06,227 INFO com.oc.webapp.web.controllers.WebappController [https-jsse-nio-9002-exec-10] Reach url: /profile - POST
2020-02-10 17:44:06,227 DEBUG com.oc.webapp.service.impl.WebappServiceImpl [https-jsse-nio-9002-exec-10] Extending Borrow bean duration
2020-02-10 17:44:06,387 INFO com.oc.webapp.web.controllers.WebappController [https-jsse-nio-9002-exec-7] Reach url: /profile - GET
2020-02-10 17:44:06,388 DEBUG com.oc.webapp.service.impl.WebappServiceImpl [https-jsse-nio-9002-exec-7] Getting active borrows for current authenticated user
2020-02-10 17:44:06,388 DEBUG com.oc.webapp.service.impl.WebappServiceImpl [https-jsse-nio-9002-exec-7] Getting authenticated current user id
2020-02-10 18:11:35,629 INFO com.oc.webapp.web.controllers.WebappController [https-jsse-nio-9002-exec-5] Reach url: /profile - GET
2020-02-10 18:11:35,629 DEBUG com.oc.webapp.service.impl.WebappServiceImpl [https-jsse-nio-9002-exec-5] Getting active borrows for current authenticated user
2020-02-10 18:11:35,629 DEBUG com.oc.webapp.service.impl.WebappServiceImpl [https-jsse-nio-9002-exec-5] Getting authenticated current user id
2020-02-10 18:11:41,653 INFO com.oc.webapp.web.controllers.WebappController [https-jsse-nio-9002-exec-9] Reach url: /connexion - GET
2020-02-10 18:11:45,295 INFO com.oc.webapp.web.controllers.WebappController [https-jsse-nio-9002-exec-4] Reach url: /connexion - GET
2020-02-10 18:11:45,495 INFO com.oc.webapp.web.controllers.WebappController [https-jsse-nio-9002-exec-8] Reach url: /books - GET
2020-02-10 18:11:49,914 INFO com.oc.webapp.web.controllers.WebappController [https-jsse-nio-9002-exec-5] Reach url: /connexion - GET
2020-02-10 18:11:55,403 INFO com.oc.webapp.web.controllers.WebappController [https-jsse-nio-9002-exec-6] Reach url: /profile - GET
2020-02-10 18:11:55,404 DEBUG com.oc.webapp.service.impl.WebappServiceImpl [https-jsse-nio-9002-exec-6] Getting active borrows for current authenticated user
2020-02-10 18:11:55,404 DEBUG com.oc.webapp.service.impl.WebappServiceImpl [https-jsse-nio-9002-exec-6] Getting authenticated current user id
2020-02-10 18:12:11,779 INFO com.oc.webapp.web.controllers.WebappController [https-jsse-nio-9002-exec-8] Reach url: /profile - POST
2020-02-10 18:12:11,780 DEBUG com.oc.webapp.service.impl.WebappServiceImpl [https-jsse-nio-9002-exec-8] Extending Borrow bean duration
2020-02-10 18:12:12,040 INFO com.oc.webapp.web.controllers.WebappController [https-jsse-nio-9002-exec-9] Reach url: /profile - GET
2020-02-10 18:12:12,040 DEBUG com.oc.webapp.service.impl.WebappServiceImpl [https-jsse-nio-9002-exec-9] Getting active borrows for current authenticated user
2020-02-10 18:12:12,040 DEBUG com.oc.webapp.service.impl.WebappServiceImpl [https-jsse-nio-9002-exec-9] Getting authenticated current user id
2020-02-10 18:12:15,610 INFO com.oc.webapp.web.controllers.WebappController [https-jsse-nio-9002-exec-5] Reach url: /connexion - GET
