2020-04-30 09:49:13.671  INFO 4140 --- [restartedMain] c.m.gestionboot.GestionBootApplication   : Starting GestionBootApplication on DESKTOP-OR1MPIC with PID 4140 (C:\MACROSOFT\githubsanogotech\achitemplatefullspringboot\target\classes started by User in C:\MACROSOFT\githubsanogotech\achitemplatefullspringboot)
2020-04-30 09:49:13.678  INFO 4140 --- [restartedMain] c.m.gestionboot.GestionBootApplication   : The following profiles are active: dev
2020-04-30 09:49:13.763  INFO 4140 --- [restartedMain] o.s.b.devtools.restart.ChangeableUrls    : The Class-Path manifest attribute in C:\Users\User\.m2\repository\org\glassfish\jaxb\jaxb-runtime\2.3.2\jaxb-runtime-2.3.2.jar referenced one or more files that do not exist: file:/C:/Users/User/.m2/repository/org/glassfish/jaxb/jaxb-runtime/2.3.2/jakarta.xml.bind-api-2.3.2.jar,file:/C:/Users/User/.m2/repository/org/glassfish/jaxb/jaxb-runtime/2.3.2/txw2-2.3.2.jar,file:/C:/Users/User/.m2/repository/org/glassfish/jaxb/jaxb-runtime/2.3.2/istack-commons-runtime-3.0.8.jar,file:/C:/Users/User/.m2/repository/org/glassfish/jaxb/jaxb-runtime/2.3.2/stax-ex-1.8.1.jar,file:/C:/Users/User/.m2/repository/org/glassfish/jaxb/jaxb-runtime/2.3.2/FastInfoset-1.2.16.jar,file:/C:/Users/User/.m2/repository/org/glassfish/jaxb/jaxb-runtime/2.3.2/jakarta.activation-api-1.2.1.jar
2020-04-30 09:49:13.766  INFO 4140 --- [restartedMain] .e.DevToolsPropertyDefaultsPostProcessor : Devtools property defaults active! Set 'spring.devtools.add-properties' to 'false' to disable
2020-04-30 09:49:13.768  INFO 4140 --- [restartedMain] .e.DevToolsPropertyDefaultsPostProcessor : For additional web related logging consider setting the 'logging.level.web' property to 'DEBUG'
2020-04-30 09:49:15.300  INFO 4140 --- [restartedMain] .s.d.r.c.RepositoryConfigurationDelegate : Bootstrapping Spring Data JPA repositories in DEFAULT mode.
2020-04-30 09:49:15.465  INFO 4140 --- [restartedMain] .s.d.r.c.RepositoryConfigurationDelegate : Finished Spring Data repository scanning in 128ms. Found 2 JPA repository interfaces.
2020-04-30 09:49:17.418  INFO 4140 --- [restartedMain] o.s.b.w.embedded.tomcat.TomcatWebServer  : Tomcat initialized with port(s): 8080 (http)
2020-04-30 09:49:17.425  INFO 4140 --- [restartedMain] o.apache.catalina.core.StandardService   : Starting service [Tomcat]
2020-04-30 09:49:17.425  INFO 4140 --- [restartedMain] org.apache.catalina.core.StandardEngine  : Starting Servlet engine: [Apache Tomcat/9.0.33]
2020-04-30 09:49:17.588  INFO 4140 --- [restartedMain] o.a.c.c.C.[.[localhost].[/gestion]       : Initializing Spring embedded WebApplicationContext
2020-04-30 09:49:17.588  INFO 4140 --- [restartedMain] o.s.web.context.ContextLoader            : Root WebApplicationContext: initialization completed in 3819 ms
2020-04-30 09:49:17.672  INFO 4140 --- [restartedMain] com.zaxxer.hikari.HikariDataSource       : HikariPool-1 - Starting...
2020-04-30 09:49:17.820  INFO 4140 --- [restartedMain] com.zaxxer.hikari.HikariDataSource       : HikariPool-1 - Start completed.
2020-04-30 09:49:17.826  INFO 4140 --- [restartedMain] o.s.b.a.h2.H2ConsoleAutoConfiguration    : H2 console available at '/h2web'. Database available at 'jdbc:h2:mem:gestionmanager'
2020-04-30 09:49:18.321  INFO 4140 --- [restartedMain] o.hibernate.jpa.internal.util.LogHelper  : HHH000204: Processing PersistenceUnitInfo [name: default]
2020-04-30 09:49:18.491  INFO 4140 --- [restartedMain] org.hibernate.Version                    : HHH000412: Hibernate ORM core version 5.4.12.Final
2020-04-30 09:49:18.807  INFO 4140 --- [restartedMain] o.hibernate.annotations.common.Version   : HCANN000001: Hibernate Commons Annotations {5.1.0.Final}
2020-04-30 09:49:19.061  INFO 4140 --- [restartedMain] org.hibernate.dialect.Dialect            : HHH000400: Using dialect: org.hibernate.dialect.H2Dialect
2020-04-30 09:49:20.171  INFO 4140 --- [restartedMain] o.h.e.t.j.p.i.JtaPlatformInitiator       : HHH000490: Using JtaPlatform implementation: [org.hibernate.engine.transaction.jta.platform.internal.NoJtaPlatform]
2020-04-30 09:49:20.200  INFO 4140 --- [restartedMain] j.LocalContainerEntityManagerFactoryBean : Initialized JPA EntityManagerFactory for persistence unit 'default'
2020-04-30 09:49:20.245  INFO 4140 --- [restartedMain] o.s.b.d.a.OptionalLiveReloadServer       : LiveReload server is running on port 35729
2020-04-30 09:49:21.064  WARN 4140 --- [restartedMain] JpaBaseConfiguration$JpaWebConfiguration : spring.jpa.open-in-view is enabled by default. Therefore, database queries may be performed during view rendering. Explicitly configure spring.jpa.open-in-view to disable this warning
2020-04-30 09:49:21.303  INFO 4140 --- [restartedMain] o.s.s.concurrent.ThreadPoolTaskExecutor  : Initializing ExecutorService 'applicationTaskExecutor'
2020-04-30 09:49:22.032  INFO 4140 --- [restartedMain] o.s.s.web.DefaultSecurityFilterChain     : Creating filter chain: any request, [org.springframework.security.web.context.request.async.WebAsyncManagerIntegrationFilter@c3267d4, org.springframework.security.web.context.SecurityContextPersistenceFilter@996111a, org.springframework.security.web.header.HeaderWriterFilter@4fecbbef, org.springframework.security.web.csrf.CsrfFilter@5ab2bbb9, org.springframework.security.web.authentication.logout.LogoutFilter@3921dc86, org.springframework.security.web.authentication.UsernamePasswordAuthenticationFilter@442fca2, org.springframework.security.web.authentication.ui.DefaultLoginPageGeneratingFilter@b13bf15, org.springframework.security.web.authentication.ui.DefaultLogoutPageGeneratingFilter@2029aed3, org.springframework.security.web.authentication.www.BasicAuthenticationFilter@64d543ed, org.springframework.security.web.savedrequest.RequestCacheAwareFilter@76d2dbe9, org.springframework.security.web.servletapi.SecurityContextHolderAwareRequestFilter@55d825e3, org.springframework.security.web.authentication.AnonymousAuthenticationFilter@6539948c, org.springframework.security.web.session.SessionManagementFilter@51e2882, org.springframework.security.web.access.ExceptionTranslationFilter@28a2743e, org.springframework.security.web.access.intercept.FilterSecurityInterceptor@3558ebb5]
2020-04-30 09:49:22.165  INFO 4140 --- [restartedMain] o.s.b.w.embedded.tomcat.TomcatWebServer  : Tomcat started on port(s): 8080 (http) with context path '/gestion'
2020-04-30 09:49:22.171  INFO 4140 --- [restartedMain] c.m.gestionboot.GestionBootApplication   : Started GestionBootApplication in 9.164 seconds (JVM running for 10.061)
2020-04-30 09:49:58.422  INFO 4140 --- [http-nio-8080-exec-2] o.a.c.c.C.[.[localhost].[/gestion]       : Initializing Spring DispatcherServlet 'dispatcherServlet'
2020-04-30 09:49:58.423  INFO 4140 --- [http-nio-8080-exec-2] o.s.web.servlet.DispatcherServlet        : Initializing Servlet 'dispatcherServlet'
2020-04-30 09:49:58.445  INFO 4140 --- [http-nio-8080-exec-2] o.s.web.servlet.DispatcherServlet        : Completed initialization in 18 ms
2020-04-30 09:50:13.354  INFO 4140 --- [http-nio-8080-exec-7] c.m.g.controller.ProductController       : Call home page
2020-04-30 09:50:31.286  INFO 4140 --- [http-nio-8080-exec-3] c.m.g.controller.ProductController       : Call home page
2020-04-30 09:50:32.717  INFO 4140 --- [http-nio-8080-exec-5] c.m.gestionboot.form.WebController       : Call add product form page
2020-04-30 09:50:37.416  INFO 4140 --- [http-nio-8080-exec-7] c.m.g.controller.ProductController       : Call home page
2020-04-30 09:50:49.305  INFO 4140 --- [http-nio-8080-exec-10] c.m.gestionboot.form.WebController       : Call add product form page
2020-04-30 09:54:40.468  INFO 4140 --- [SpringContextShutdownHook] o.s.s.concurrent.ThreadPoolTaskExecutor  : Shutting down ExecutorService 'applicationTaskExecutor'
2020-04-30 09:54:40.468  INFO 4140 --- [SpringContextShutdownHook] j.LocalContainerEntityManagerFactoryBean : Closing JPA EntityManagerFactory for persistence unit 'default'
2020-04-30 09:54:40.685  WARN 4140 --- [SpringContextShutdownHook] o.s.b.f.support.DisposableBeanAdapter    : Invocation of destroy method failed on bean with name 'inMemoryDatabaseShutdownExecutor': org.h2.jdbc.JdbcSQLNonTransientConnectionException: La base de données est déjà fermée (pour désactiver la fermeture automatique à l'arrêt de la VM, ajoutez "; DB_CLOSE_ON_EXIT = FALSE" à l'URL db)
Database is already closed (to disable automatic closing at VM shutdown, add ";DB_CLOSE_ON_EXIT=FALSE" to the db URL) [90121-200]
2020-04-30 09:54:40.685  INFO 4140 --- [SpringContextShutdownHook] com.zaxxer.hikari.HikariDataSource       : HikariPool-1 - Shutdown initiated...
2020-04-30 09:54:40.700  INFO 4140 --- [SpringContextShutdownHook] com.zaxxer.hikari.HikariDataSource       : HikariPool-1 - Shutdown completed.
