2020-02-05 11:52:45,857 INFO com.oc.api.ApiApplication [main] Starting ApiApplication on DESKTOP-2BSICML with PID 19420 (C:\Users\Charles\Documents\Dev\OC-Bibliotheque\api\target\classes started by Charles in c:\Users\Charles\Documents\Dev\OC-Bibliotheque)
2020-02-05 11:52:45,871 DEBUG com.oc.api.ApiApplication [main] Running with Spring Boot v2.2.1.RELEASE, Spring v5.2.1.RELEASE
2020-02-05 11:52:45,871 INFO com.oc.api.ApiApplication [main] No active profile set, falling back to default profiles: default
2020-02-05 11:52:51,348 DEBUG com.oc.api.configuration.SwaggerConfig$$EnhancerBySpringCGLIB$$edb1f3e1 [main] Set Swagger2 documentation
2020-02-05 11:52:51,890 INFO com.oc.api.ApiApplication [main] Started ApiApplication in 6.4 seconds (JVM running for 7.376)
2020-02-05 12:01:57,511 INFO com.oc.api.ApiApplication [main] Starting ApiApplication on DESKTOP-2BSICML with PID 20416 (C:\Users\Charles\Documents\Dev\OC-Bibliotheque\api\target\classes started by Charles in c:\Users\Charles\Documents\Dev\OC-Bibliotheque)
2020-02-05 12:01:57,515 DEBUG com.oc.api.ApiApplication [main] Running with Spring Boot v2.2.1.RELEASE, Spring v5.2.1.RELEASE
2020-02-05 12:01:57,516 INFO com.oc.api.ApiApplication [main] No active profile set, falling back to default profiles: default
2020-02-05 12:02:03,674 DEBUG com.oc.api.configuration.SwaggerConfig$$EnhancerBySpringCGLIB$$a1b128fe [main] Set Swagger2 documentation
2020-02-05 12:02:04,768 INFO com.oc.api.ApiApplication [main] Started ApiApplication in 7.682 seconds (JVM running for 8.472)
2020-02-05 12:02:32,161 INFO com.oc.api.web.controllers.BookController [http-nio-9001-exec-1] Providing book resource from database: all book list
2020-02-05 12:02:32,533 DEBUG com.oc.api.web.controllers.BookController [http-nio-9001-exec-1] Splitting query, query: 
2020-02-05 12:02:32,731 INFO com.oc.api.web.controllers.AvailableCopieController [http-nio-9001-exec-2] Providing availablecopie resource from database: all availablecopie list
2020-02-05 12:04:44,488 INFO com.oc.api.web.controllers.BookController [http-nio-9001-exec-4] Providing book resource from database: all book list
2020-02-05 12:04:44,504 DEBUG com.oc.api.web.controllers.BookController [http-nio-9001-exec-4] Splitting query, query: 
2020-02-05 12:04:44,652 INFO com.oc.api.web.controllers.AvailableCopieController [http-nio-9001-exec-5] Providing availablecopie resource from database: all availablecopie list
2020-02-05 12:04:48,893 INFO com.oc.api.web.controllers.BookController [http-nio-9001-exec-6] Providing book resource from database: all book list
2020-02-05 12:04:48,896 DEBUG com.oc.api.web.controllers.BookController [http-nio-9001-exec-6] Splitting query, query: fou
2020-02-05 12:04:48,964 INFO com.oc.api.web.controllers.AvailableCopieController [http-nio-9001-exec-7] Providing availablecopie resource from database: all availablecopie list
2020-02-05 12:05:14,437 INFO com.oc.api.web.controllers.RegisteredUserController [http-nio-9001-exec-9] Search user by email: ccathala.dev@gmail.com
2020-02-05 12:05:14,616 INFO com.oc.api.web.controllers.BorrowController [http-nio-9001-exec-10] Providing borrow resources from database by user id: 1
2020-02-05 12:05:17,476 INFO com.oc.api.web.controllers.BorrowController [http-nio-9001-exec-1] Providing borrow resources from database by user id: 1
2020-02-05 12:05:25,499 INFO com.oc.api.web.controllers.BookController [http-nio-9001-exec-3] Providing book resource from database: all book list
2020-02-05 12:05:25,501 DEBUG com.oc.api.web.controllers.BookController [http-nio-9001-exec-3] Splitting query, query: 
2020-02-05 12:05:25,570 INFO com.oc.api.web.controllers.AvailableCopieController [http-nio-9001-exec-4] Providing availablecopie resource from database: all availablecopie list
2020-02-05 12:05:30,136 INFO com.oc.api.web.controllers.BookController [http-nio-9001-exec-5] Providing book resource from database: all book list
2020-02-05 12:05:30,139 DEBUG com.oc.api.web.controllers.BookController [http-nio-9001-exec-5] Splitting query, query: 
2020-02-05 12:05:30,208 INFO com.oc.api.web.controllers.AvailableCopieController [http-nio-9001-exec-6] Providing availablecopie resource from database: all availablecopie list
2020-02-05 12:05:38,403 INFO com.oc.api.web.controllers.BookController [http-nio-9001-exec-8] Providing book resource from database: all book list
2020-02-05 12:05:38,405 DEBUG com.oc.api.web.controllers.BookController [http-nio-9001-exec-8] Splitting query, query: wer
2020-02-05 12:05:38,476 INFO com.oc.api.web.controllers.AvailableCopieController [http-nio-9001-exec-9] Providing availablecopie resource from database: all availablecopie list
2020-02-05 12:05:41,980 INFO com.oc.api.web.controllers.BookController [http-nio-9001-exec-10] Providing book resource from database: all book list
2020-02-05 12:05:41,982 DEBUG com.oc.api.web.controllers.BookController [http-nio-9001-exec-10] Splitting query, query: her
2020-02-05 12:05:42,051 INFO com.oc.api.web.controllers.AvailableCopieController [http-nio-9001-exec-1] Providing availablecopie resource from database: all availablecopie list
2020-02-05 12:07:32,833 INFO com.oc.api.web.controllers.BookController [http-nio-9001-exec-3] Providing book resource from database: all book list
2020-02-05 12:07:32,835 DEBUG com.oc.api.web.controllers.BookController [http-nio-9001-exec-3] Splitting query, query: 
2020-02-05 12:07:32,988 INFO com.oc.api.web.controllers.AvailableCopieController [http-nio-9001-exec-4] Providing availablecopie resource from database: all availablecopie list
2020-02-05 12:08:09,080 INFO com.oc.api.web.controllers.BookController [http-nio-9001-exec-6] Providing book resource from database: all book list
2020-02-05 12:08:09,083 DEBUG com.oc.api.web.controllers.BookController [http-nio-9001-exec-6] Splitting query, query: 
2020-02-05 12:08:09,232 INFO com.oc.api.web.controllers.AvailableCopieController [http-nio-9001-exec-7] Providing availablecopie resource from database: all availablecopie list
2020-02-05 12:09:17,965 INFO com.oc.api.web.controllers.RegisteredUserController [http-nio-9001-exec-9] Search user by email: ccathala.dev@gmail.com
2020-02-05 12:09:18,107 INFO com.oc.api.web.controllers.BookController [http-nio-9001-exec-10] Providing book resource from database: all book list
2020-02-05 12:09:18,109 DEBUG com.oc.api.web.controllers.BookController [http-nio-9001-exec-10] Splitting query, query: 
2020-02-05 12:09:18,177 INFO com.oc.api.web.controllers.AvailableCopieController [http-nio-9001-exec-1] Providing availablecopie resource from database: all availablecopie list
2020-02-05 15:22:43,825 INFO com.oc.api.ApiApplication [main] Starting ApiApplication on DESKTOP-2BSICML with PID 8760 (C:\Users\Charles\Documents\Dev\OC-Bibliotheque\api\target\classes started by Charles in c:\Users\Charles\Documents\Dev\OC-Bibliotheque)
2020-02-05 15:22:43,828 DEBUG com.oc.api.ApiApplication [main] Running with Spring Boot v2.2.1.RELEASE, Spring v5.2.1.RELEASE
2020-02-05 15:22:43,830 INFO com.oc.api.ApiApplication [main] No active profile set, falling back to default profiles: default
2020-02-05 15:22:49,819 DEBUG com.oc.api.configuration.SwaggerConfig$$EnhancerBySpringCGLIB$$2d92015f [main] Set Swagger2 documentation
2020-02-05 15:22:50,364 INFO com.oc.api.ApiApplication [main] Started ApiApplication in 6.994 seconds (JVM running for 12.589)
2020-02-05 15:24:29,368 INFO com.oc.api.web.controllers.BookController [http-nio-9001-exec-1] Providing book resource from database: all book list
2020-02-05 15:24:29,639 DEBUG com.oc.api.web.controllers.BookController [http-nio-9001-exec-1] Splitting query, query: 
2020-02-05 15:24:29,883 INFO com.oc.api.web.controllers.AvailableCopieController [http-nio-9001-exec-2] Providing availablecopie resource from database: all availablecopie list
