2020-02-05 11:52:58,899 INFO com.oc.webapp.WebappApplication [main] No active profile set, falling back to default profiles: default
2020-02-05 11:53:00,155 DEBUG com.oc.webapp.WebappApplication$1 [main] Code archive: C:\env\maven\repository\org\springframework\boot\spring-boot\2.2.2.RELEASE\spring-boot-2.2.2.RELEASE.jar
2020-02-05 11:53:00,155 DEBUG com.oc.webapp.WebappApplication$1 [main] Code archive: C:\env\maven\repository\org\springframework\boot\spring-boot\2.2.2.RELEASE\spring-boot-2.2.2.RELEASE.jar
2020-02-05 11:53:00,155 DEBUG com.oc.webapp.WebappApplication$1 [main] None of the document roots [src/main/webapp, public, static] point to a directory and will be ignored.
2020-02-05 11:53:02,196 INFO com.oc.webapp.WebappApplication [main] Started WebappApplication in 4.404 seconds (JVM running for 5.095)
2020-02-05 11:55:22,644 INFO com.oc.webapp.web.controllers.WebappController [https-jsse-nio-9002-exec-7] Reach url: / - GET
2020-02-05 12:02:05,735 INFO com.oc.webapp.WebappApplication [main] No active profile set, falling back to default profiles: default
2020-02-05 12:02:06,969 DEBUG com.oc.webapp.WebappApplication$1 [main] Code archive: C:\env\maven\repository\org\springframework\boot\spring-boot\2.2.2.RELEASE\spring-boot-2.2.2.RELEASE.jar
2020-02-05 12:02:06,969 DEBUG com.oc.webapp.WebappApplication$1 [main] Code archive: C:\env\maven\repository\org\springframework\boot\spring-boot\2.2.2.RELEASE\spring-boot-2.2.2.RELEASE.jar
2020-02-05 12:02:06,969 DEBUG com.oc.webapp.WebappApplication$1 [main] None of the document roots [src/main/webapp, public, static] point to a directory and will be ignored.
2020-02-05 12:02:08,982 INFO com.oc.webapp.WebappApplication [main] Started WebappApplication in 4.829 seconds (JVM running for 6.193)
2020-02-05 12:02:31,727 INFO com.oc.webapp.web.controllers.WebappController [https-jsse-nio-9002-exec-7] Reach url: /books - GET
2020-02-05 12:04:23,949 INFO com.oc.webapp.WebappApplication [main] No active profile set, falling back to default profiles: default
2020-02-05 12:04:25,401 DEBUG com.oc.webapp.WebappApplication$1 [main] Code archive: C:\env\maven\repository\org\springframework\boot\spring-boot\2.2.2.RELEASE\spring-boot-2.2.2.RELEASE.jar
2020-02-05 12:04:25,401 DEBUG com.oc.webapp.WebappApplication$1 [main] Code archive: C:\env\maven\repository\org\springframework\boot\spring-boot\2.2.2.RELEASE\spring-boot-2.2.2.RELEASE.jar
2020-02-05 12:04:25,402 DEBUG com.oc.webapp.WebappApplication$1 [main] None of the document roots [src/main/webapp, public, static] point to a directory and will be ignored.
2020-02-05 12:04:27,950 INFO com.oc.webapp.WebappApplication [main] Started WebappApplication in 5.193 seconds (JVM running for 5.932)
2020-02-05 12:04:44,354 INFO com.oc.webapp.web.controllers.WebappController [https-jsse-nio-9002-exec-7] Reach url: /books - GET
2020-02-05 12:04:48,823 INFO com.oc.webapp.web.controllers.WebappController [https-jsse-nio-9002-exec-6] Reach url: /books - GET
2020-02-05 12:04:57,595 INFO com.oc.webapp.web.controllers.WebappController [https-jsse-nio-9002-exec-10] Reach url: /connexion - GET
2020-02-05 12:05:14,534 INFO com.oc.webapp.web.controllers.WebappController [https-jsse-nio-9002-exec-4] Reach url: /profile - GET
2020-02-05 12:05:14,535 DEBUG com.oc.webapp.service.impl.WebappServiceImpl [https-jsse-nio-9002-exec-4] Getting active borrows for current authenticated user
2020-02-05 12:05:14,535 DEBUG com.oc.webapp.service.impl.WebappServiceImpl [https-jsse-nio-9002-exec-4] Getting authenticated current user id
2020-02-05 12:05:17,402 INFO com.oc.webapp.web.controllers.WebappController [https-jsse-nio-9002-exec-5] Reach url: /profile - GET
2020-02-05 12:05:17,402 DEBUG com.oc.webapp.service.impl.WebappServiceImpl [https-jsse-nio-9002-exec-5] Getting active borrows for current authenticated user
2020-02-05 12:05:17,402 DEBUG com.oc.webapp.service.impl.WebappServiceImpl [https-jsse-nio-9002-exec-5] Getting authenticated current user id
2020-02-05 12:05:25,429 INFO com.oc.webapp.web.controllers.WebappController [https-jsse-nio-9002-exec-9] Reach url: /books - GET
2020-02-05 12:05:30,065 INFO com.oc.webapp.web.controllers.WebappController [https-jsse-nio-9002-exec-8] Reach url: /books - GET
2020-02-05 12:05:38,335 INFO com.oc.webapp.web.controllers.WebappController [https-jsse-nio-9002-exec-9] Reach url: /books - GET
2020-02-05 12:05:41,912 INFO com.oc.webapp.web.controllers.WebappController [https-jsse-nio-9002-exec-10] Reach url: /books - GET
2020-02-05 12:05:49,156 INFO com.oc.webapp.web.controllers.WebappController [https-jsse-nio-9002-exec-5] Reach url: /connexion - GET
2020-02-05 12:07:25,290 INFO com.oc.webapp.WebappApplication [main] No active profile set, falling back to default profiles: default
2020-02-05 12:07:26,551 DEBUG com.oc.webapp.WebappApplication$1 [main] Code archive: C:\env\maven\repository\org\springframework\boot\spring-boot\2.2.2.RELEASE\spring-boot-2.2.2.RELEASE.jar
2020-02-05 12:07:26,551 DEBUG com.oc.webapp.WebappApplication$1 [main] Code archive: C:\env\maven\repository\org\springframework\boot\spring-boot\2.2.2.RELEASE\spring-boot-2.2.2.RELEASE.jar
2020-02-05 12:07:26,551 DEBUG com.oc.webapp.WebappApplication$1 [main] None of the document roots [src/main/webapp, public, static] point to a directory and will be ignored.
2020-02-05 12:07:28,687 INFO com.oc.webapp.WebappApplication [main] Started WebappApplication in 4.563 seconds (JVM running for 5.192)
2020-02-05 12:07:32,756 INFO com.oc.webapp.web.controllers.WebappController [https-jsse-nio-9002-exec-5] Reach url: /books - GET
2020-02-05 12:08:03,302 INFO com.oc.webapp.WebappApplication [main] No active profile set, falling back to default profiles: default
2020-02-05 12:08:04,511 DEBUG com.oc.webapp.WebappApplication$1 [main] Code archive: C:\env\maven\repository\org\springframework\boot\spring-boot\2.2.2.RELEASE\spring-boot-2.2.2.RELEASE.jar
2020-02-05 12:08:04,512 DEBUG com.oc.webapp.WebappApplication$1 [main] Code archive: C:\env\maven\repository\org\springframework\boot\spring-boot\2.2.2.RELEASE\spring-boot-2.2.2.RELEASE.jar
2020-02-05 12:08:04,513 DEBUG com.oc.webapp.WebappApplication$1 [main] None of the document roots [src/main/webapp, public, static] point to a directory and will be ignored.
2020-02-05 12:08:07,030 INFO com.oc.webapp.WebappApplication [main] Started WebappApplication in 4.897 seconds (JVM running for 5.48)
2020-02-05 12:08:08,997 INFO com.oc.webapp.web.controllers.WebappController [https-jsse-nio-9002-exec-6] Reach url: /books - GET
2020-02-05 12:09:12,151 INFO com.oc.webapp.web.controllers.WebappController [https-jsse-nio-9002-exec-4] Reach url: /connexion - GET
2020-02-05 12:09:18,042 INFO com.oc.webapp.web.controllers.WebappController [https-jsse-nio-9002-exec-10] Reach url: /books - GET
2020-02-05 12:09:21,388 INFO com.oc.webapp.web.controllers.WebappController [https-jsse-nio-9002-exec-1] Reach url: /connexion - GET
2020-02-05 12:09:23,991 INFO com.oc.webapp.web.controllers.WebappController [https-jsse-nio-9002-exec-4] Reach url: /connexion - GET
2020-02-05 15:22:59,855 INFO com.oc.webapp.WebappApplication [main] No active profile set, falling back to default profiles: default
2020-02-05 15:23:01,260 DEBUG com.oc.webapp.WebappApplication$1 [main] Code archive: C:\env\maven\repository\org\springframework\boot\spring-boot\2.2.2.RELEASE\spring-boot-2.2.2.RELEASE.jar
2020-02-05 15:23:01,260 DEBUG com.oc.webapp.WebappApplication$1 [main] Code archive: C:\env\maven\repository\org\springframework\boot\spring-boot\2.2.2.RELEASE\spring-boot-2.2.2.RELEASE.jar
2020-02-05 15:23:01,262 DEBUG com.oc.webapp.WebappApplication$1 [main] None of the document roots [src/main/webapp, public, static] point to a directory and will be ignored.
2020-02-05 15:23:03,889 INFO com.oc.webapp.WebappApplication [main] Started WebappApplication in 5.223 seconds (JVM running for 7.007)
2020-02-05 15:24:28,868 INFO com.oc.webapp.web.controllers.WebappController [https-jsse-nio-9002-exec-7] Reach url: /books - GET
