2020-02-06 09:45:57,046 INFO com.oc.webapp.WebappApplication [main] No active profile set, falling back to default profiles: default
2020-02-06 09:45:58,211 DEBUG com.oc.webapp.WebappApplication$1 [main] Code archive: C:\env\maven\repository\org\springframework\boot\spring-boot\2.2.2.RELEASE\spring-boot-2.2.2.RELEASE.jar
2020-02-06 09:45:58,211 DEBUG com.oc.webapp.WebappApplication$1 [main] Code archive: C:\env\maven\repository\org\springframework\boot\spring-boot\2.2.2.RELEASE\spring-boot-2.2.2.RELEASE.jar
2020-02-06 09:45:58,212 DEBUG com.oc.webapp.WebappApplication$1 [main] None of the document roots [src/main/webapp, public, static] point to a directory and will be ignored.
2020-02-06 09:46:00,211 INFO com.oc.webapp.WebappApplication [main] Started WebappApplication in 4.234 seconds (JVM running for 4.846)
2020-02-06 09:46:10,664 INFO com.oc.webapp.web.controllers.WebappController [https-jsse-nio-9002-exec-7] Reach url: /books - GET
2020-02-06 09:51:51,660 INFO com.oc.webapp.web.controllers.WebappController [https-jsse-nio-9002-exec-9] Reach url: /books - GET
2020-02-06 09:52:08,325 INFO com.oc.webapp.web.controllers.WebappController [https-jsse-nio-9002-exec-10] Reach url: /connexion - GET
2020-02-06 09:52:21,636 INFO com.oc.webapp.web.controllers.WebappController [https-jsse-nio-9002-exec-9] Reach url: /books - GET
2020-02-06 09:52:25,280 INFO com.oc.webapp.web.controllers.WebappController [https-jsse-nio-9002-exec-4] Reach url: /profile - GET
2020-02-06 09:52:25,280 DEBUG com.oc.webapp.service.impl.WebappServiceImpl [https-jsse-nio-9002-exec-4] Getting active borrows for current authenticated user
2020-02-06 09:52:25,280 DEBUG com.oc.webapp.service.impl.WebappServiceImpl [https-jsse-nio-9002-exec-4] Getting authenticated current user id
2020-02-06 09:52:35,338 INFO com.oc.webapp.web.controllers.WebappController [https-jsse-nio-9002-exec-10] Reach url: /profile - POST
2020-02-06 09:52:35,338 DEBUG com.oc.webapp.service.impl.WebappServiceImpl [https-jsse-nio-9002-exec-10] Extending Borrow bean duration
2020-02-06 09:52:35,627 INFO com.oc.webapp.web.controllers.WebappController [https-jsse-nio-9002-exec-8] Reach url: /profile - GET
2020-02-06 09:52:35,628 DEBUG com.oc.webapp.service.impl.WebappServiceImpl [https-jsse-nio-9002-exec-8] Getting active borrows for current authenticated user
2020-02-06 09:52:35,628 DEBUG com.oc.webapp.service.impl.WebappServiceImpl [https-jsse-nio-9002-exec-8] Getting authenticated current user id
2020-02-06 09:52:42,513 INFO com.oc.webapp.web.controllers.WebappController [https-jsse-nio-9002-exec-9] Reach url: /books - GET
2020-02-06 09:52:59,546 INFO com.oc.webapp.web.controllers.WebappController [https-jsse-nio-9002-exec-5] Reach url: /profile - GET
2020-02-06 09:52:59,546 DEBUG com.oc.webapp.service.impl.WebappServiceImpl [https-jsse-nio-9002-exec-5] Getting active borrows for current authenticated user
2020-02-06 09:52:59,546 DEBUG com.oc.webapp.service.impl.WebappServiceImpl [https-jsse-nio-9002-exec-5] Getting authenticated current user id
2020-02-06 10:25:42,497 INFO com.oc.webapp.web.controllers.WebappController [https-jsse-nio-9002-exec-9] Reach url: /connexion - GET
2020-02-06 10:25:44,868 INFO com.oc.webapp.web.controllers.WebappController [https-jsse-nio-9002-exec-3] Reach url: /connexion - GET
2020-02-06 10:26:08,307 INFO com.oc.webapp.web.controllers.WebappController [https-jsse-nio-9002-exec-7] Reach url: /connexion - GET
2020-02-06 10:38:06,561 INFO com.oc.webapp.web.controllers.WebappController [https-jsse-nio-9002-exec-10] Reach url: /connexion - GET
2020-02-06 10:38:09,201 INFO com.oc.webapp.web.controllers.WebappController [https-jsse-nio-9002-exec-8] Reach url: /books - GET
2020-02-06 10:39:59,205 INFO com.oc.webapp.web.controllers.WebappController [https-jsse-nio-9002-exec-3] Reach url: /books - GET
2020-02-06 10:40:14,249 INFO com.oc.webapp.web.controllers.WebappController [https-jsse-nio-9002-exec-8] Reach url: /connexion - GET
2020-02-06 10:40:23,459 INFO com.oc.webapp.web.controllers.WebappController [https-jsse-nio-9002-exec-4] Reach url: /books - GET
2020-02-06 10:40:25,340 INFO com.oc.webapp.web.controllers.WebappController [https-jsse-nio-9002-exec-9] Reach url: /profile - GET
2020-02-06 10:40:25,340 DEBUG com.oc.webapp.service.impl.WebappServiceImpl [https-jsse-nio-9002-exec-9] Getting active borrows for current authenticated user
2020-02-06 10:40:25,341 DEBUG com.oc.webapp.service.impl.WebappServiceImpl [https-jsse-nio-9002-exec-9] Getting authenticated current user id
2020-02-06 10:40:38,439 INFO com.oc.webapp.web.controllers.WebappController [https-jsse-nio-9002-exec-5] Reach url: /profile - POST
2020-02-06 10:40:38,440 DEBUG com.oc.webapp.service.impl.WebappServiceImpl [https-jsse-nio-9002-exec-5] Extending Borrow bean duration
2020-02-06 10:40:38,681 INFO com.oc.webapp.web.controllers.WebappController [https-jsse-nio-9002-exec-2] Reach url: /profile - GET
2020-02-06 10:40:38,682 DEBUG com.oc.webapp.service.impl.WebappServiceImpl [https-jsse-nio-9002-exec-2] Getting active borrows for current authenticated user
2020-02-06 10:40:38,682 DEBUG com.oc.webapp.service.impl.WebappServiceImpl [https-jsse-nio-9002-exec-2] Getting authenticated current user id
2020-02-06 10:42:12,502 INFO com.oc.webapp.web.controllers.WebappController [https-jsse-nio-9002-exec-1] Reach url: /connexion - GET
2020-02-06 10:42:13,580 INFO com.oc.webapp.web.controllers.WebappController [https-jsse-nio-9002-exec-6] Reach url: /books - GET
2020-02-06 10:43:46,380 INFO com.oc.webapp.web.controllers.WebappController [https-jsse-nio-9002-exec-9] Reach url: /books - GET
2020-02-06 10:44:04,356 INFO com.oc.webapp.web.controllers.WebappController [https-jsse-nio-9002-exec-6] Reach url: /connexion - GET
2020-02-06 10:44:11,466 INFO com.oc.webapp.web.controllers.WebappController [https-jsse-nio-9002-exec-3] Reach url: /books - GET
2020-02-06 10:44:13,516 INFO com.oc.webapp.web.controllers.WebappController [https-jsse-nio-9002-exec-8] Reach url: /profile - GET
2020-02-06 10:44:13,516 DEBUG com.oc.webapp.service.impl.WebappServiceImpl [https-jsse-nio-9002-exec-8] Getting active borrows for current authenticated user
2020-02-06 10:44:13,516 DEBUG com.oc.webapp.service.impl.WebappServiceImpl [https-jsse-nio-9002-exec-8] Getting authenticated current user id
2020-02-06 10:44:33,026 INFO com.oc.webapp.web.controllers.WebappController [https-jsse-nio-9002-exec-1] Reach url: /profile - POST
2020-02-06 10:44:33,027 DEBUG com.oc.webapp.service.impl.WebappServiceImpl [https-jsse-nio-9002-exec-1] Extending Borrow bean duration
2020-02-06 10:44:33,175 INFO com.oc.webapp.web.controllers.WebappController [https-jsse-nio-9002-exec-2] Reach url: /profile - GET
2020-02-06 10:44:33,175 DEBUG com.oc.webapp.service.impl.WebappServiceImpl [https-jsse-nio-9002-exec-2] Getting active borrows for current authenticated user
2020-02-06 10:44:33,175 DEBUG com.oc.webapp.service.impl.WebappServiceImpl [https-jsse-nio-9002-exec-2] Getting authenticated current user id
2020-02-06 11:58:20,158 INFO com.oc.webapp.web.controllers.WebappController [https-jsse-nio-9002-exec-2] Reach url: /connexion - GET
2020-02-06 11:58:26,936 INFO com.oc.webapp.web.controllers.WebappController [https-jsse-nio-9002-exec-9] Reach url: /profile - GET
2020-02-06 11:58:26,937 DEBUG com.oc.webapp.service.impl.WebappServiceImpl [https-jsse-nio-9002-exec-9] Getting active borrows for current authenticated user
2020-02-06 11:58:26,937 DEBUG com.oc.webapp.service.impl.WebappServiceImpl [https-jsse-nio-9002-exec-9] Getting authenticated current user id
2020-02-06 11:58:29,077 INFO com.oc.webapp.web.controllers.WebappController [https-jsse-nio-9002-exec-3] Reach url: /profile - GET
2020-02-06 11:58:29,077 DEBUG com.oc.webapp.service.impl.WebappServiceImpl [https-jsse-nio-9002-exec-3] Getting active borrows for current authenticated user
2020-02-06 11:58:29,077 DEBUG com.oc.webapp.service.impl.WebappServiceImpl [https-jsse-nio-9002-exec-3] Getting authenticated current user id
2020-02-06 11:58:29,875 INFO com.oc.webapp.web.controllers.WebappController [https-jsse-nio-9002-exec-8] Reach url: /books - GET
2020-02-06 11:58:32,066 INFO com.oc.webapp.web.controllers.WebappController [https-jsse-nio-9002-exec-10] Reach url: /connexion - GET
2020-02-06 11:58:34,218 INFO com.oc.webapp.web.controllers.WebappController [https-jsse-nio-9002-exec-1] Reach url: /books - GET
