2020-01-22 15:10:20,338 INFO com.oc.webapp.WebappApplication [main] No active profile set, falling back to default profiles: default
2020-01-22 15:10:21,639 DEBUG com.oc.webapp.WebappApplication$1 [main] Code archive: C:\env\maven\repository\org\springframework\boot\spring-boot\2.2.2.RELEASE\spring-boot-2.2.2.RELEASE.jar
2020-01-22 15:10:21,639 DEBUG com.oc.webapp.WebappApplication$1 [main] Code archive: C:\env\maven\repository\org\springframework\boot\spring-boot\2.2.2.RELEASE\spring-boot-2.2.2.RELEASE.jar
2020-01-22 15:10:21,640 DEBUG com.oc.webapp.WebappApplication$1 [main] None of the document roots [src/main/webapp, public, static] point to a directory and will be ignored.
2020-01-22 15:10:23,970 INFO com.oc.webapp.WebappApplication [main] Started WebappApplication in 4.776 seconds (JVM running for 5.295)
2020-01-22 15:25:21,447 INFO com.oc.webapp.WebappApplication [main] No active profile set, falling back to default profiles: default
2020-01-22 15:25:22,703 DEBUG com.oc.webapp.WebappApplication$1 [main] Code archive: C:\env\maven\repository\org\springframework\boot\spring-boot\2.2.2.RELEASE\spring-boot-2.2.2.RELEASE.jar
2020-01-22 15:25:22,705 DEBUG com.oc.webapp.WebappApplication$1 [main] Code archive: C:\env\maven\repository\org\springframework\boot\spring-boot\2.2.2.RELEASE\spring-boot-2.2.2.RELEASE.jar
2020-01-22 15:25:22,705 DEBUG com.oc.webapp.WebappApplication$1 [main] None of the document roots [src/main/webapp, public, static] point to a directory and will be ignored.
2020-01-22 15:25:25,899 INFO com.oc.webapp.WebappApplication [main] Started WebappApplication in 5.682 seconds (JVM running for 6.237)
2020-01-22 15:26:19,351 INFO com.oc.webapp.web.controllers.WebappController [https-jsse-nio-9002-exec-7] Reach url: / - GET
2020-01-22 15:26:20,848 INFO com.oc.webapp.web.controllers.WebappController [https-jsse-nio-9002-exec-10] Reach url: /books - GET
2020-01-22 15:26:23,781 INFO com.oc.webapp.web.controllers.WebappController [https-jsse-nio-9002-exec-8] Reach url: /connexion - GET
2020-01-22 15:26:27,191 ERROR org.springframework.security.web.authentication.UsernamePasswordAuthenticationFilter [https-jsse-nio-9002-exec-4] An internal error occurred while trying to authenticate the user.
org.springframework.security.authentication.InternalAuthenticationServiceException: status 400 reading ApiProxy#findUserByEmail(String)
	at org.springframework.security.authentication.dao.DaoAuthenticationProvider.retrieveUser(DaoAuthenticationProvider.java:123)
	at org.springframework.security.authentication.dao.AbstractUserDetailsAuthenticationProvider.authenticate(AbstractUserDetailsAuthenticationProvider.java:144)
	at org.springframework.security.authentication.ProviderManager.authenticate(ProviderManager.java:175)
	at org.springframework.security.authentication.ProviderManager.authenticate(ProviderManager.java:195)
	at org.springframework.security.web.authentication.UsernamePasswordAuthenticationFilter.attemptAuthentication(UsernamePasswordAuthenticationFilter.java:95)
	at org.springframework.security.web.authentication.AbstractAuthenticationProcessingFilter.doFilter(AbstractAuthenticationProcessingFilter.java:212)
	at org.springframework.security.web.FilterChainProxy$VirtualFilterChain.doFilter(FilterChainProxy.java:334)
	at org.springframework.security.web.authentication.logout.LogoutFilter.doFilter(LogoutFilter.java:116)
	at org.springframework.security.web.FilterChainProxy$VirtualFilterChain.doFilter(FilterChainProxy.java:334)
	at org.springframework.security.web.csrf.CsrfFilter.doFilterInternal(CsrfFilter.java:141)
	at org.springframework.web.filter.OncePerRequestFilter.doFilter(OncePerRequestFilter.java:119)
	at org.springframework.security.web.FilterChainProxy$VirtualFilterChain.doFilter(FilterChainProxy.java:334)
	at org.springframework.security.web.header.HeaderWriterFilter.doHeadersAfter(HeaderWriterFilter.java:92)
	at org.springframework.security.web.header.HeaderWriterFilter.doFilterInternal(HeaderWriterFilter.java:77)
	at org.springframework.web.filter.OncePerRequestFilter.doFilter(OncePerRequestFilter.java:119)
	at org.springframework.security.web.FilterChainProxy$VirtualFilterChain.doFilter(FilterChainProxy.java:334)
	at org.springframework.security.web.context.SecurityContextPersistenceFilter.doFilter(SecurityContextPersistenceFilter.java:105)
	at org.springframework.security.web.FilterChainProxy$VirtualFilterChain.doFilter(FilterChainProxy.java:334)
	at org.springframework.security.web.context.request.async.WebAsyncManagerIntegrationFilter.doFilterInternal(WebAsyncManagerIntegrationFilter.java:56)
	at org.springframework.web.filter.OncePerRequestFilter.doFilter(OncePerRequestFilter.java:119)
	at org.springframework.security.web.FilterChainProxy$VirtualFilterChain.doFilter(FilterChainProxy.java:334)
	at org.springframework.security.web.FilterChainProxy.doFilterInternal(FilterChainProxy.java:215)
	at org.springframework.security.web.FilterChainProxy.doFilter(FilterChainProxy.java:178)
	at org.springframework.web.filter.DelegatingFilterProxy.invokeDelegate(DelegatingFilterProxy.java:358)
	at org.springframework.web.filter.DelegatingFilterProxy.doFilter(DelegatingFilterProxy.java:271)
	at org.apache.catalina.core.ApplicationFilterChain.internalDoFilter(ApplicationFilterChain.java:193)
	at org.apache.catalina.core.ApplicationFilterChain.doFilter(ApplicationFilterChain.java:166)
	at org.springframework.web.filter.RequestContextFilter.doFilterInternal(RequestContextFilter.java:100)
	at org.springframework.web.filter.OncePerRequestFilter.doFilter(OncePerRequestFilter.java:119)
	at org.apache.catalina.core.ApplicationFilterChain.internalDoFilter(ApplicationFilterChain.java:193)
	at org.apache.catalina.core.ApplicationFilterChain.doFilter(ApplicationFilterChain.java:166)
	at org.springframework.web.filter.FormContentFilter.doFilterInternal(FormContentFilter.java:93)
	at org.springframework.web.filter.OncePerRequestFilter.doFilter(OncePerRequestFilter.java:119)
	at org.apache.catalina.core.ApplicationFilterChain.internalDoFilter(ApplicationFilterChain.java:193)
	at org.apache.catalina.core.ApplicationFilterChain.doFilter(ApplicationFilterChain.java:166)
	at org.springframework.web.filter.CharacterEncodingFilter.doFilterInternal(CharacterEncodingFilter.java:201)
	at org.springframework.web.filter.OncePerRequestFilter.doFilter(OncePerRequestFilter.java:119)
	at org.apache.catalina.core.ApplicationFilterChain.internalDoFilter(ApplicationFilterChain.java:193)
	at org.apache.catalina.core.ApplicationFilterChain.doFilter(ApplicationFilterChain.java:166)
	at org.apache.catalina.core.StandardWrapperValve.invoke(StandardWrapperValve.java:202)
	at org.apache.catalina.core.StandardContextValve.invoke(StandardContextValve.java:96)
	at org.apache.catalina.authenticator.AuthenticatorBase.invoke(AuthenticatorBase.java:643)
	at org.apache.catalina.core.StandardHostValve.invoke(StandardHostValve.java:139)
	at org.apache.catalina.valves.ErrorReportValve.invoke(ErrorReportValve.java:92)
	at org.apache.catalina.core.StandardEngineValve.invoke(StandardEngineValve.java:74)
	at org.apache.catalina.connector.CoyoteAdapter.service(CoyoteAdapter.java:343)
	at org.apache.coyote.http11.Http11Processor.service(Http11Processor.java:367)
	at org.apache.coyote.AbstractProcessorLight.process(AbstractProcessorLight.java:65)
	at org.apache.coyote.AbstractProtocol$ConnectionHandler.process(AbstractProtocol.java:860)
	at org.apache.tomcat.util.net.NioEndpoint$SocketProcessor.doRun(NioEndpoint.java:1591)
	at org.apache.tomcat.util.net.SocketProcessorBase.run(SocketProcessorBase.java:49)
	at java.util.concurrent.ThreadPoolExecutor.runWorker(ThreadPoolExecutor.java:1149)
	at java.util.concurrent.ThreadPoolExecutor$Worker.run(ThreadPoolExecutor.java:624)
	at org.apache.tomcat.util.threads.TaskThread$WrappingRunnable.run(TaskThread.java:61)
	at java.lang.Thread.run(Thread.java:748)
Caused by: feign.FeignException$BadRequest: status 400 reading ApiProxy#findUserByEmail(String)
	at feign.FeignException.clientErrorStatus(FeignException.java:159)
	at feign.FeignException.errorStatus(FeignException.java:141)
	at feign.FeignException.errorStatus(FeignException.java:133)
	at feign.codec.ErrorDecoder$Default.decode(ErrorDecoder.java:92)
	at feign.SynchronousMethodHandler.executeAndDecode(SynchronousMethodHandler.java:151)
	at feign.SynchronousMethodHandler.invoke(SynchronousMethodHandler.java:80)
	at feign.ReflectiveFeign$FeignInvocationHandler.invoke(ReflectiveFeign.java:103)
	at com.sun.proxy.$Proxy81.findUserByEmail(Unknown Source)
	at com.oc.webapp.security.UserPrincipalDetailsService.loadUserByUsername(UserPrincipalDetailsService.java:26)
	at org.springframework.security.authentication.dao.DaoAuthenticationProvider.retrieveUser(DaoAuthenticationProvider.java:108)
	... 54 common frames omitted
2020-01-22 15:26:27,212 INFO com.oc.webapp.web.controllers.WebappController [https-jsse-nio-9002-exec-10] Reach url: /connexion - GET
2020-01-22 15:26:37,514 INFO com.oc.webapp.web.controllers.WebappController [https-jsse-nio-9002-exec-7] Reach url: / - GET
2020-01-22 15:26:39,720 INFO com.oc.webapp.web.controllers.WebappController [https-jsse-nio-9002-exec-8] Reach url: /connexion - GET
2020-01-22 15:26:42,700 ERROR org.springframework.security.web.authentication.UsernamePasswordAuthenticationFilter [https-jsse-nio-9002-exec-4] An internal error occurred while trying to authenticate the user.
org.springframework.security.authentication.InternalAuthenticationServiceException: status 400 reading ApiProxy#findUserByEmail(String)
	at org.springframework.security.authentication.dao.DaoAuthenticationProvider.retrieveUser(DaoAuthenticationProvider.java:123)
	at org.springframework.security.authentication.dao.AbstractUserDetailsAuthenticationProvider.authenticate(AbstractUserDetailsAuthenticationProvider.java:144)
	at org.springframework.security.authentication.ProviderManager.authenticate(ProviderManager.java:175)
	at org.springframework.security.authentication.ProviderManager.authenticate(ProviderManager.java:195)
	at org.springframework.security.web.authentication.UsernamePasswordAuthenticationFilter.attemptAuthentication(UsernamePasswordAuthenticationFilter.java:95)
	at org.springframework.security.web.authentication.AbstractAuthenticationProcessingFilter.doFilter(AbstractAuthenticationProcessingFilter.java:212)
	at org.springframework.security.web.FilterChainProxy$VirtualFilterChain.doFilter(FilterChainProxy.java:334)
	at org.springframework.security.web.authentication.logout.LogoutFilter.doFilter(LogoutFilter.java:116)
	at org.springframework.security.web.FilterChainProxy$VirtualFilterChain.doFilter(FilterChainProxy.java:334)
	at org.springframework.security.web.csrf.CsrfFilter.doFilterInternal(CsrfFilter.java:141)
	at org.springframework.web.filter.OncePerRequestFilter.doFilter(OncePerRequestFilter.java:119)
	at org.springframework.security.web.FilterChainProxy$VirtualFilterChain.doFilter(FilterChainProxy.java:334)
	at org.springframework.security.web.header.HeaderWriterFilter.doHeadersAfter(HeaderWriterFilter.java:92)
	at org.springframework.security.web.header.HeaderWriterFilter.doFilterInternal(HeaderWriterFilter.java:77)
	at org.springframework.web.filter.OncePerRequestFilter.doFilter(OncePerRequestFilter.java:119)
	at org.springframework.security.web.FilterChainProxy$VirtualFilterChain.doFilter(FilterChainProxy.java:334)
	at org.springframework.security.web.context.SecurityContextPersistenceFilter.doFilter(SecurityContextPersistenceFilter.java:105)
	at org.springframework.security.web.FilterChainProxy$VirtualFilterChain.doFilter(FilterChainProxy.java:334)
	at org.springframework.security.web.context.request.async.WebAsyncManagerIntegrationFilter.doFilterInternal(WebAsyncManagerIntegrationFilter.java:56)
	at org.springframework.web.filter.OncePerRequestFilter.doFilter(OncePerRequestFilter.java:119)
	at org.springframework.security.web.FilterChainProxy$VirtualFilterChain.doFilter(FilterChainProxy.java:334)
	at org.springframework.security.web.FilterChainProxy.doFilterInternal(FilterChainProxy.java:215)
	at org.springframework.security.web.FilterChainProxy.doFilter(FilterChainProxy.java:178)
	at org.springframework.web.filter.DelegatingFilterProxy.invokeDelegate(DelegatingFilterProxy.java:358)
	at org.springframework.web.filter.DelegatingFilterProxy.doFilter(DelegatingFilterProxy.java:271)
	at org.apache.catalina.core.ApplicationFilterChain.internalDoFilter(ApplicationFilterChain.java:193)
	at org.apache.catalina.core.ApplicationFilterChain.doFilter(ApplicationFilterChain.java:166)
	at org.springframework.web.filter.RequestContextFilter.doFilterInternal(RequestContextFilter.java:100)
	at org.springframework.web.filter.OncePerRequestFilter.doFilter(OncePerRequestFilter.java:119)
	at org.apache.catalina.core.ApplicationFilterChain.internalDoFilter(ApplicationFilterChain.java:193)
	at org.apache.catalina.core.ApplicationFilterChain.doFilter(ApplicationFilterChain.java:166)
	at org.springframework.web.filter.FormContentFilter.doFilterInternal(FormContentFilter.java:93)
	at org.springframework.web.filter.OncePerRequestFilter.doFilter(OncePerRequestFilter.java:119)
	at org.apache.catalina.core.ApplicationFilterChain.internalDoFilter(ApplicationFilterChain.java:193)
	at org.apache.catalina.core.ApplicationFilterChain.doFilter(ApplicationFilterChain.java:166)
	at org.springframework.web.filter.CharacterEncodingFilter.doFilterInternal(CharacterEncodingFilter.java:201)
	at org.springframework.web.filter.OncePerRequestFilter.doFilter(OncePerRequestFilter.java:119)
	at org.apache.catalina.core.ApplicationFilterChain.internalDoFilter(ApplicationFilterChain.java:193)
	at org.apache.catalina.core.ApplicationFilterChain.doFilter(ApplicationFilterChain.java:166)
	at org.apache.catalina.core.StandardWrapperValve.invoke(StandardWrapperValve.java:202)
	at org.apache.catalina.core.StandardContextValve.invoke(StandardContextValve.java:96)
	at org.apache.catalina.authenticator.AuthenticatorBase.invoke(AuthenticatorBase.java:643)
	at org.apache.catalina.core.StandardHostValve.invoke(StandardHostValve.java:139)
	at org.apache.catalina.valves.ErrorReportValve.invoke(ErrorReportValve.java:92)
	at org.apache.catalina.core.StandardEngineValve.invoke(StandardEngineValve.java:74)
	at org.apache.catalina.connector.CoyoteAdapter.service(CoyoteAdapter.java:343)
	at org.apache.coyote.http11.Http11Processor.service(Http11Processor.java:367)
	at org.apache.coyote.AbstractProcessorLight.process(AbstractProcessorLight.java:65)
	at org.apache.coyote.AbstractProtocol$ConnectionHandler.process(AbstractProtocol.java:860)
	at org.apache.tomcat.util.net.NioEndpoint$SocketProcessor.doRun(NioEndpoint.java:1591)
	at org.apache.tomcat.util.net.SocketProcessorBase.run(SocketProcessorBase.java:49)
	at java.util.concurrent.ThreadPoolExecutor.runWorker(ThreadPoolExecutor.java:1149)
	at java.util.concurrent.ThreadPoolExecutor$Worker.run(ThreadPoolExecutor.java:624)
	at org.apache.tomcat.util.threads.TaskThread$WrappingRunnable.run(TaskThread.java:61)
	at java.lang.Thread.run(Thread.java:748)
Caused by: feign.FeignException$BadRequest: status 400 reading ApiProxy#findUserByEmail(String)
	at feign.FeignException.clientErrorStatus(FeignException.java:159)
	at feign.FeignException.errorStatus(FeignException.java:141)
	at feign.FeignException.errorStatus(FeignException.java:133)
	at feign.codec.ErrorDecoder$Default.decode(ErrorDecoder.java:92)
	at feign.SynchronousMethodHandler.executeAndDecode(SynchronousMethodHandler.java:151)
	at feign.SynchronousMethodHandler.invoke(SynchronousMethodHandler.java:80)
	at feign.ReflectiveFeign$FeignInvocationHandler.invoke(ReflectiveFeign.java:103)
	at com.sun.proxy.$Proxy81.findUserByEmail(Unknown Source)
	at com.oc.webapp.security.UserPrincipalDetailsService.loadUserByUsername(UserPrincipalDetailsService.java:26)
	at org.springframework.security.authentication.dao.DaoAuthenticationProvider.retrieveUser(DaoAuthenticationProvider.java:108)
	... 54 common frames omitted
2020-01-22 15:26:42,709 INFO com.oc.webapp.web.controllers.WebappController [https-jsse-nio-9002-exec-10] Reach url: /connexion - GET
2020-01-22 15:28:40,449 INFO com.oc.webapp.web.controllers.WebappController [https-jsse-nio-9002-exec-6] Reach url: / - GET
2020-01-22 15:29:08,933 INFO com.oc.webapp.web.controllers.WebappController [https-jsse-nio-9002-exec-1] Reach url: /connexion - GET
2020-01-22 15:30:07,873 INFO com.oc.webapp.WebappApplication [main] No active profile set, falling back to default profiles: default
2020-01-22 15:30:09,106 DEBUG com.oc.webapp.WebappApplication$1 [main] Code archive: C:\env\maven\repository\org\springframework\boot\spring-boot\2.2.2.RELEASE\spring-boot-2.2.2.RELEASE.jar
2020-01-22 15:30:09,107 DEBUG com.oc.webapp.WebappApplication$1 [main] Code archive: C:\env\maven\repository\org\springframework\boot\spring-boot\2.2.2.RELEASE\spring-boot-2.2.2.RELEASE.jar
2020-01-22 15:30:09,108 DEBUG com.oc.webapp.WebappApplication$1 [main] None of the document roots [src/main/webapp, public, static] point to a directory and will be ignored.
2020-01-22 15:30:11,311 INFO com.oc.webapp.WebappApplication [main] Started WebappApplication in 4.605 seconds (JVM running for 5.182)
2020-01-22 15:30:17,596 INFO com.oc.webapp.web.controllers.WebappController [https-jsse-nio-9002-exec-7] Reach url: / - GET
2020-01-22 15:31:01,289 INFO com.oc.webapp.web.controllers.WebappController [https-jsse-nio-9002-exec-10] Reach url: /connexion - GET
2020-01-22 15:31:12,061 ERROR org.springframework.security.web.authentication.UsernamePasswordAuthenticationFilter [https-jsse-nio-9002-exec-2] An internal error occurred while trying to authenticate the user.
org.springframework.security.authentication.InternalAuthenticationServiceException: status 400 reading ApiProxy#findUserByEmail(String)
	at org.springframework.security.authentication.dao.DaoAuthenticationProvider.retrieveUser(DaoAuthenticationProvider.java:123)
	at org.springframework.security.authentication.dao.AbstractUserDetailsAuthenticationProvider.authenticate(AbstractUserDetailsAuthenticationProvider.java:144)
	at org.springframework.security.authentication.ProviderManager.authenticate(ProviderManager.java:175)
	at org.springframework.security.authentication.ProviderManager.authenticate(ProviderManager.java:195)
	at org.springframework.security.web.authentication.UsernamePasswordAuthenticationFilter.attemptAuthentication(UsernamePasswordAuthenticationFilter.java:95)
	at org.springframework.security.web.authentication.AbstractAuthenticationProcessingFilter.doFilter(AbstractAuthenticationProcessingFilter.java:212)
	at org.springframework.security.web.FilterChainProxy$VirtualFilterChain.doFilter(FilterChainProxy.java:334)
	at org.springframework.security.web.authentication.logout.LogoutFilter.doFilter(LogoutFilter.java:116)
	at org.springframework.security.web.FilterChainProxy$VirtualFilterChain.doFilter(FilterChainProxy.java:334)
	at org.springframework.security.web.csrf.CsrfFilter.doFilterInternal(CsrfFilter.java:141)
	at org.springframework.web.filter.OncePerRequestFilter.doFilter(OncePerRequestFilter.java:119)
	at org.springframework.security.web.FilterChainProxy$VirtualFilterChain.doFilter(FilterChainProxy.java:334)
	at org.springframework.security.web.header.HeaderWriterFilter.doHeadersAfter(HeaderWriterFilter.java:92)
	at org.springframework.security.web.header.HeaderWriterFilter.doFilterInternal(HeaderWriterFilter.java:77)
	at org.springframework.web.filter.OncePerRequestFilter.doFilter(OncePerRequestFilter.java:119)
	at org.springframework.security.web.FilterChainProxy$VirtualFilterChain.doFilter(FilterChainProxy.java:334)
	at org.springframework.security.web.context.SecurityContextPersistenceFilter.doFilter(SecurityContextPersistenceFilter.java:105)
	at org.springframework.security.web.FilterChainProxy$VirtualFilterChain.doFilter(FilterChainProxy.java:334)
	at org.springframework.security.web.context.request.async.WebAsyncManagerIntegrationFilter.doFilterInternal(WebAsyncManagerIntegrationFilter.java:56)
	at org.springframework.web.filter.OncePerRequestFilter.doFilter(OncePerRequestFilter.java:119)
	at org.springframework.security.web.FilterChainProxy$VirtualFilterChain.doFilter(FilterChainProxy.java:334)
	at org.springframework.security.web.FilterChainProxy.doFilterInternal(FilterChainProxy.java:215)
	at org.springframework.security.web.FilterChainProxy.doFilter(FilterChainProxy.java:178)
	at org.springframework.web.filter.DelegatingFilterProxy.invokeDelegate(DelegatingFilterProxy.java:358)
	at org.springframework.web.filter.DelegatingFilterProxy.doFilter(DelegatingFilterProxy.java:271)
	at org.apache.catalina.core.ApplicationFilterChain.internalDoFilter(ApplicationFilterChain.java:193)
	at org.apache.catalina.core.ApplicationFilterChain.doFilter(ApplicationFilterChain.java:166)
	at org.springframework.web.filter.RequestContextFilter.doFilterInternal(RequestContextFilter.java:100)
	at org.springframework.web.filter.OncePerRequestFilter.doFilter(OncePerRequestFilter.java:119)
	at org.apache.catalina.core.ApplicationFilterChain.internalDoFilter(ApplicationFilterChain.java:193)
	at org.apache.catalina.core.ApplicationFilterChain.doFilter(ApplicationFilterChain.java:166)
	at org.springframework.web.filter.FormContentFilter.doFilterInternal(FormContentFilter.java:93)
	at org.springframework.web.filter.OncePerRequestFilter.doFilter(OncePerRequestFilter.java:119)
	at org.apache.catalina.core.ApplicationFilterChain.internalDoFilter(ApplicationFilterChain.java:193)
	at org.apache.catalina.core.ApplicationFilterChain.doFilter(ApplicationFilterChain.java:166)
	at org.springframework.web.filter.CharacterEncodingFilter.doFilterInternal(CharacterEncodingFilter.java:201)
	at org.springframework.web.filter.OncePerRequestFilter.doFilter(OncePerRequestFilter.java:119)
	at org.apache.catalina.core.ApplicationFilterChain.internalDoFilter(ApplicationFilterChain.java:193)
	at org.apache.catalina.core.ApplicationFilterChain.doFilter(ApplicationFilterChain.java:166)
	at org.apache.catalina.core.StandardWrapperValve.invoke(StandardWrapperValve.java:202)
	at org.apache.catalina.core.StandardContextValve.invoke(StandardContextValve.java:96)
	at org.apache.catalina.authenticator.AuthenticatorBase.invoke(AuthenticatorBase.java:643)
	at org.apache.catalina.core.StandardHostValve.invoke(StandardHostValve.java:139)
	at org.apache.catalina.valves.ErrorReportValve.invoke(ErrorReportValve.java:92)
	at org.apache.catalina.core.StandardEngineValve.invoke(StandardEngineValve.java:74)
	at org.apache.catalina.connector.CoyoteAdapter.service(CoyoteAdapter.java:343)
	at org.apache.coyote.http11.Http11Processor.service(Http11Processor.java:367)
	at org.apache.coyote.AbstractProcessorLight.process(AbstractProcessorLight.java:65)
	at org.apache.coyote.AbstractProtocol$ConnectionHandler.process(AbstractProtocol.java:860)
	at org.apache.tomcat.util.net.NioEndpoint$SocketProcessor.doRun(NioEndpoint.java:1591)
	at org.apache.tomcat.util.net.SocketProcessorBase.run(SocketProcessorBase.java:49)
	at java.util.concurrent.ThreadPoolExecutor.runWorker(ThreadPoolExecutor.java:1149)
	at java.util.concurrent.ThreadPoolExecutor$Worker.run(ThreadPoolExecutor.java:624)
	at org.apache.tomcat.util.threads.TaskThread$WrappingRunnable.run(TaskThread.java:61)
	at java.lang.Thread.run(Thread.java:748)
Caused by: feign.FeignException$BadRequest: status 400 reading ApiProxy#findUserByEmail(String)
	at feign.FeignException.clientErrorStatus(FeignException.java:159)
	at feign.FeignException.errorStatus(FeignException.java:141)
	at feign.FeignException.errorStatus(FeignException.java:133)
	at feign.codec.ErrorDecoder$Default.decode(ErrorDecoder.java:92)
	at feign.SynchronousMethodHandler.executeAndDecode(SynchronousMethodHandler.java:151)
	at feign.SynchronousMethodHandler.invoke(SynchronousMethodHandler.java:80)
	at feign.ReflectiveFeign$FeignInvocationHandler.invoke(ReflectiveFeign.java:103)
	at com.sun.proxy.$Proxy81.findUserByEmail(Unknown Source)
	at com.oc.webapp.security.UserPrincipalDetailsService.loadUserByUsername(UserPrincipalDetailsService.java:26)
	at org.springframework.security.authentication.dao.DaoAuthenticationProvider.retrieveUser(DaoAuthenticationProvider.java:108)
	... 54 common frames omitted
2020-01-22 15:31:12,078 INFO com.oc.webapp.web.controllers.WebappController [https-jsse-nio-9002-exec-3] Reach url: /connexion - GET
2020-01-22 15:32:28,583 INFO com.oc.webapp.web.controllers.WebappController [https-jsse-nio-9002-exec-1] Reach url: /connexion - GET
2020-01-22 15:32:58,637 INFO com.oc.webapp.web.controllers.WebappController [https-jsse-nio-9002-exec-7] Reach url: /connexion - GET
2020-01-22 15:33:09,737 INFO com.oc.webapp.web.controllers.WebappController [https-jsse-nio-9002-exec-10] Reach url: /connexion - GET
2020-01-22 15:37:00,896 ERROR org.springframework.security.web.authentication.UsernamePasswordAuthenticationFilter [https-jsse-nio-9002-exec-8] An internal error occurred while trying to authenticate the user.
org.springframework.security.authentication.InternalAuthenticationServiceException: status 400 reading ApiProxy#findUserByEmail(String)
	at org.springframework.security.authentication.dao.DaoAuthenticationProvider.retrieveUser(DaoAuthenticationProvider.java:123)
	at org.springframework.security.authentication.dao.AbstractUserDetailsAuthenticationProvider.authenticate(AbstractUserDetailsAuthenticationProvider.java:144)
	at org.springframework.security.authentication.ProviderManager.authenticate(ProviderManager.java:175)
	at org.springframework.security.authentication.ProviderManager.authenticate(ProviderManager.java:195)
	at org.springframework.security.web.authentication.UsernamePasswordAuthenticationFilter.attemptAuthentication(UsernamePasswordAuthenticationFilter.java:95)
	at org.springframework.security.web.authentication.AbstractAuthenticationProcessingFilter.doFilter(AbstractAuthenticationProcessingFilter.java:212)
	at org.springframework.security.web.FilterChainProxy$VirtualFilterChain.doFilter(FilterChainProxy.java:334)
	at org.springframework.security.web.authentication.logout.LogoutFilter.doFilter(LogoutFilter.java:116)
	at org.springframework.security.web.FilterChainProxy$VirtualFilterChain.doFilter(FilterChainProxy.java:334)
	at org.springframework.security.web.csrf.CsrfFilter.doFilterInternal(CsrfFilter.java:141)
	at org.springframework.web.filter.OncePerRequestFilter.doFilter(OncePerRequestFilter.java:119)
	at org.springframework.security.web.FilterChainProxy$VirtualFilterChain.doFilter(FilterChainProxy.java:334)
	at org.springframework.security.web.header.HeaderWriterFilter.doHeadersAfter(HeaderWriterFilter.java:92)
	at org.springframework.security.web.header.HeaderWriterFilter.doFilterInternal(HeaderWriterFilter.java:77)
	at org.springframework.web.filter.OncePerRequestFilter.doFilter(OncePerRequestFilter.java:119)
	at org.springframework.security.web.FilterChainProxy$VirtualFilterChain.doFilter(FilterChainProxy.java:334)
	at org.springframework.security.web.context.SecurityContextPersistenceFilter.doFilter(SecurityContextPersistenceFilter.java:105)
	at org.springframework.security.web.FilterChainProxy$VirtualFilterChain.doFilter(FilterChainProxy.java:334)
	at org.springframework.security.web.context.request.async.WebAsyncManagerIntegrationFilter.doFilterInternal(WebAsyncManagerIntegrationFilter.java:56)
	at org.springframework.web.filter.OncePerRequestFilter.doFilter(OncePerRequestFilter.java:119)
	at org.springframework.security.web.FilterChainProxy$VirtualFilterChain.doFilter(FilterChainProxy.java:334)
	at org.springframework.security.web.FilterChainProxy.doFilterInternal(FilterChainProxy.java:215)
	at org.springframework.security.web.FilterChainProxy.doFilter(FilterChainProxy.java:178)
	at org.springframework.web.filter.DelegatingFilterProxy.invokeDelegate(DelegatingFilterProxy.java:358)
	at org.springframework.web.filter.DelegatingFilterProxy.doFilter(DelegatingFilterProxy.java:271)
	at org.apache.catalina.core.ApplicationFilterChain.internalDoFilter(ApplicationFilterChain.java:193)
	at org.apache.catalina.core.ApplicationFilterChain.doFilter(ApplicationFilterChain.java:166)
	at org.springframework.web.filter.RequestContextFilter.doFilterInternal(RequestContextFilter.java:100)
	at org.springframework.web.filter.OncePerRequestFilter.doFilter(OncePerRequestFilter.java:119)
	at org.apache.catalina.core.ApplicationFilterChain.internalDoFilter(ApplicationFilterChain.java:193)
	at org.apache.catalina.core.ApplicationFilterChain.doFilter(ApplicationFilterChain.java:166)
	at org.springframework.web.filter.FormContentFilter.doFilterInternal(FormContentFilter.java:93)
	at org.springframework.web.filter.OncePerRequestFilter.doFilter(OncePerRequestFilter.java:119)
	at org.apache.catalina.core.ApplicationFilterChain.internalDoFilter(ApplicationFilterChain.java:193)
	at org.apache.catalina.core.ApplicationFilterChain.doFilter(ApplicationFilterChain.java:166)
	at org.springframework.web.filter.CharacterEncodingFilter.doFilterInternal(CharacterEncodingFilter.java:201)
	at org.springframework.web.filter.OncePerRequestFilter.doFilter(OncePerRequestFilter.java:119)
	at org.apache.catalina.core.ApplicationFilterChain.internalDoFilter(ApplicationFilterChain.java:193)
	at org.apache.catalina.core.ApplicationFilterChain.doFilter(ApplicationFilterChain.java:166)
	at org.apache.catalina.core.StandardWrapperValve.invoke(StandardWrapperValve.java:202)
	at org.apache.catalina.core.StandardContextValve.invoke(StandardContextValve.java:96)
	at org.apache.catalina.authenticator.AuthenticatorBase.invoke(AuthenticatorBase.java:643)
	at org.apache.catalina.core.StandardHostValve.invoke(StandardHostValve.java:139)
	at org.apache.catalina.valves.ErrorReportValve.invoke(ErrorReportValve.java:92)
	at org.apache.catalina.core.StandardEngineValve.invoke(StandardEngineValve.java:74)
	at org.apache.catalina.connector.CoyoteAdapter.service(CoyoteAdapter.java:343)
	at org.apache.coyote.http11.Http11Processor.service(Http11Processor.java:367)
	at org.apache.coyote.AbstractProcessorLight.process(AbstractProcessorLight.java:65)
	at org.apache.coyote.AbstractProtocol$ConnectionHandler.process(AbstractProtocol.java:860)
	at org.apache.tomcat.util.net.NioEndpoint$SocketProcessor.doRun(NioEndpoint.java:1591)
	at org.apache.tomcat.util.net.SocketProcessorBase.run(SocketProcessorBase.java:49)
	at java.util.concurrent.ThreadPoolExecutor.runWorker(ThreadPoolExecutor.java:1149)
	at java.util.concurrent.ThreadPoolExecutor$Worker.run(ThreadPoolExecutor.java:624)
	at org.apache.tomcat.util.threads.TaskThread$WrappingRunnable.run(TaskThread.java:61)
	at java.lang.Thread.run(Thread.java:748)
Caused by: feign.FeignException$BadRequest: status 400 reading ApiProxy#findUserByEmail(String)
	at feign.FeignException.clientErrorStatus(FeignException.java:159)
	at feign.FeignException.errorStatus(FeignException.java:141)
	at feign.FeignException.errorStatus(FeignException.java:133)
	at feign.codec.ErrorDecoder$Default.decode(ErrorDecoder.java:92)
	at feign.SynchronousMethodHandler.executeAndDecode(SynchronousMethodHandler.java:151)
	at feign.SynchronousMethodHandler.invoke(SynchronousMethodHandler.java:80)
	at feign.ReflectiveFeign$FeignInvocationHandler.invoke(ReflectiveFeign.java:103)
	at com.sun.proxy.$Proxy81.findUserByEmail(Unknown Source)
	at com.oc.webapp.security.UserPrincipalDetailsService.loadUserByUsername(UserPrincipalDetailsService.java:26)
	at org.springframework.security.authentication.dao.DaoAuthenticationProvider.retrieveUser(DaoAuthenticationProvider.java:108)
	... 54 common frames omitted
2020-01-22 15:37:00,911 INFO com.oc.webapp.web.controllers.WebappController [https-jsse-nio-9002-exec-9] Reach url: /connexion - GET
2020-01-22 15:38:47,167 INFO com.oc.webapp.WebappApplication [main] No active profile set, falling back to default profiles: default
2020-01-22 15:38:48,361 DEBUG com.oc.webapp.WebappApplication$1 [main] Code archive: C:\env\maven\repository\org\springframework\boot\spring-boot\2.2.2.RELEASE\spring-boot-2.2.2.RELEASE.jar
2020-01-22 15:38:48,361 DEBUG com.oc.webapp.WebappApplication$1 [main] Code archive: C:\env\maven\repository\org\springframework\boot\spring-boot\2.2.2.RELEASE\spring-boot-2.2.2.RELEASE.jar
2020-01-22 15:38:48,362 DEBUG com.oc.webapp.WebappApplication$1 [main] None of the document roots [src/main/webapp, public, static] point to a directory and will be ignored.
2020-01-22 15:38:50,665 INFO com.oc.webapp.WebappApplication [main] Started WebappApplication in 4.742 seconds (JVM running for 5.348)
2020-01-22 15:39:01,922 INFO com.oc.webapp.web.controllers.WebappController [https-jsse-nio-9002-exec-4] Reach url: / - GET
2020-01-22 15:39:04,688 INFO com.oc.webapp.web.controllers.WebappController [https-jsse-nio-9002-exec-6] Reach url: /connexion - GET
2020-01-22 15:39:08,429 ERROR org.springframework.security.web.authentication.UsernamePasswordAuthenticationFilter [https-jsse-nio-9002-exec-8] An internal error occurred while trying to authenticate the user.
org.springframework.security.authentication.InternalAuthenticationServiceException: status 400 reading ApiProxy#findUserByEmail(String)
	at org.springframework.security.authentication.dao.DaoAuthenticationProvider.retrieveUser(DaoAuthenticationProvider.java:123)
	at org.springframework.security.authentication.dao.AbstractUserDetailsAuthenticationProvider.authenticate(AbstractUserDetailsAuthenticationProvider.java:144)
	at org.springframework.security.authentication.ProviderManager.authenticate(ProviderManager.java:175)
	at org.springframework.security.authentication.ProviderManager.authenticate(ProviderManager.java:195)
	at org.springframework.security.web.authentication.UsernamePasswordAuthenticationFilter.attemptAuthentication(UsernamePasswordAuthenticationFilter.java:95)
	at org.springframework.security.web.authentication.AbstractAuthenticationProcessingFilter.doFilter(AbstractAuthenticationProcessingFilter.java:212)
	at org.springframework.security.web.FilterChainProxy$VirtualFilterChain.doFilter(FilterChainProxy.java:334)
	at org.springframework.security.web.authentication.logout.LogoutFilter.doFilter(LogoutFilter.java:116)
	at org.springframework.security.web.FilterChainProxy$VirtualFilterChain.doFilter(FilterChainProxy.java:334)
	at org.springframework.security.web.csrf.CsrfFilter.doFilterInternal(CsrfFilter.java:141)
	at org.springframework.web.filter.OncePerRequestFilter.doFilter(OncePerRequestFilter.java:119)
	at org.springframework.security.web.FilterChainProxy$VirtualFilterChain.doFilter(FilterChainProxy.java:334)
	at org.springframework.security.web.header.HeaderWriterFilter.doHeadersAfter(HeaderWriterFilter.java:92)
	at org.springframework.security.web.header.HeaderWriterFilter.doFilterInternal(HeaderWriterFilter.java:77)
	at org.springframework.web.filter.OncePerRequestFilter.doFilter(OncePerRequestFilter.java:119)
	at org.springframework.security.web.FilterChainProxy$VirtualFilterChain.doFilter(FilterChainProxy.java:334)
	at org.springframework.security.web.context.SecurityContextPersistenceFilter.doFilter(SecurityContextPersistenceFilter.java:105)
	at org.springframework.security.web.FilterChainProxy$VirtualFilterChain.doFilter(FilterChainProxy.java:334)
	at org.springframework.security.web.context.request.async.WebAsyncManagerIntegrationFilter.doFilterInternal(WebAsyncManagerIntegrationFilter.java:56)
	at org.springframework.web.filter.OncePerRequestFilter.doFilter(OncePerRequestFilter.java:119)
	at org.springframework.security.web.FilterChainProxy$VirtualFilterChain.doFilter(FilterChainProxy.java:334)
	at org.springframework.security.web.FilterChainProxy.doFilterInternal(FilterChainProxy.java:215)
	at org.springframework.security.web.FilterChainProxy.doFilter(FilterChainProxy.java:178)
	at org.springframework.web.filter.DelegatingFilterProxy.invokeDelegate(DelegatingFilterProxy.java:358)
	at org.springframework.web.filter.DelegatingFilterProxy.doFilter(DelegatingFilterProxy.java:271)
	at org.apache.catalina.core.ApplicationFilterChain.internalDoFilter(ApplicationFilterChain.java:193)
	at org.apache.catalina.core.ApplicationFilterChain.doFilter(ApplicationFilterChain.java:166)
	at org.springframework.web.filter.RequestContextFilter.doFilterInternal(RequestContextFilter.java:100)
	at org.springframework.web.filter.OncePerRequestFilter.doFilter(OncePerRequestFilter.java:119)
	at org.apache.catalina.core.ApplicationFilterChain.internalDoFilter(ApplicationFilterChain.java:193)
	at org.apache.catalina.core.ApplicationFilterChain.doFilter(ApplicationFilterChain.java:166)
	at org.springframework.web.filter.FormContentFilter.doFilterInternal(FormContentFilter.java:93)
	at org.springframework.web.filter.OncePerRequestFilter.doFilter(OncePerRequestFilter.java:119)
	at org.apache.catalina.core.ApplicationFilterChain.internalDoFilter(ApplicationFilterChain.java:193)
	at org.apache.catalina.core.ApplicationFilterChain.doFilter(ApplicationFilterChain.java:166)
	at org.springframework.web.filter.CharacterEncodingFilter.doFilterInternal(CharacterEncodingFilter.java:201)
	at org.springframework.web.filter.OncePerRequestFilter.doFilter(OncePerRequestFilter.java:119)
	at org.apache.catalina.core.ApplicationFilterChain.internalDoFilter(ApplicationFilterChain.java:193)
	at org.apache.catalina.core.ApplicationFilterChain.doFilter(ApplicationFilterChain.java:166)
	at org.apache.catalina.core.StandardWrapperValve.invoke(StandardWrapperValve.java:202)
	at org.apache.catalina.core.StandardContextValve.invoke(StandardContextValve.java:96)
	at org.apache.catalina.authenticator.AuthenticatorBase.invoke(AuthenticatorBase.java:643)
	at org.apache.catalina.core.StandardHostValve.invoke(StandardHostValve.java:139)
	at org.apache.catalina.valves.ErrorReportValve.invoke(ErrorReportValve.java:92)
	at org.apache.catalina.core.StandardEngineValve.invoke(StandardEngineValve.java:74)
	at org.apache.catalina.connector.CoyoteAdapter.service(CoyoteAdapter.java:343)
	at org.apache.coyote.http11.Http11Processor.service(Http11Processor.java:367)
	at org.apache.coyote.AbstractProcessorLight.process(AbstractProcessorLight.java:65)
	at org.apache.coyote.AbstractProtocol$ConnectionHandler.process(AbstractProtocol.java:860)
	at org.apache.tomcat.util.net.NioEndpoint$SocketProcessor.doRun(NioEndpoint.java:1591)
	at org.apache.tomcat.util.net.SocketProcessorBase.run(SocketProcessorBase.java:49)
	at java.util.concurrent.ThreadPoolExecutor.runWorker(ThreadPoolExecutor.java:1149)
	at java.util.concurrent.ThreadPoolExecutor$Worker.run(ThreadPoolExecutor.java:624)
	at org.apache.tomcat.util.threads.TaskThread$WrappingRunnable.run(TaskThread.java:61)
	at java.lang.Thread.run(Thread.java:748)
Caused by: feign.FeignException$BadRequest: status 400 reading ApiProxy#findUserByEmail(String)
	at feign.FeignException.clientErrorStatus(FeignException.java:159)
	at feign.FeignException.errorStatus(FeignException.java:141)
	at feign.FeignException.errorStatus(FeignException.java:133)
	at feign.codec.ErrorDecoder$Default.decode(ErrorDecoder.java:92)
	at feign.SynchronousMethodHandler.executeAndDecode(SynchronousMethodHandler.java:151)
	at feign.SynchronousMethodHandler.invoke(SynchronousMethodHandler.java:80)
	at feign.ReflectiveFeign$FeignInvocationHandler.invoke(ReflectiveFeign.java:103)
	at com.sun.proxy.$Proxy81.findUserByEmail(Unknown Source)
	at com.oc.webapp.security.UserPrincipalDetailsService.loadUserByUsername(UserPrincipalDetailsService.java:29)
	at org.springframework.security.authentication.dao.DaoAuthenticationProvider.retrieveUser(DaoAuthenticationProvider.java:108)
	... 54 common frames omitted
2020-01-22 15:39:08,438 INFO com.oc.webapp.web.controllers.WebappController [https-jsse-nio-9002-exec-9] Reach url: /connexion - GET
2020-01-22 15:40:25,164 INFO com.oc.webapp.WebappApplication [main] No active profile set, falling back to default profiles: default
2020-01-22 15:40:26,410 DEBUG com.oc.webapp.WebappApplication$1 [main] Code archive: C:\env\maven\repository\org\springframework\boot\spring-boot\2.2.2.RELEASE\spring-boot-2.2.2.RELEASE.jar
2020-01-22 15:40:26,411 DEBUG com.oc.webapp.WebappApplication$1 [main] Code archive: C:\env\maven\repository\org\springframework\boot\spring-boot\2.2.2.RELEASE\spring-boot-2.2.2.RELEASE.jar
2020-01-22 15:40:26,411 DEBUG com.oc.webapp.WebappApplication$1 [main] None of the document roots [src/main/webapp, public, static] point to a directory and will be ignored.
2020-01-22 15:40:29,035 INFO com.oc.webapp.WebappApplication [main] Started WebappApplication in 5.072 seconds (JVM running for 5.677)
2020-01-22 15:40:37,871 INFO com.oc.webapp.web.controllers.WebappController [https-jsse-nio-9002-exec-4] Reach url: / - GET
2020-01-22 15:40:39,583 INFO com.oc.webapp.web.controllers.WebappController [https-jsse-nio-9002-exec-7] Reach url: /connexion - GET
2020-01-22 16:52:54,033 INFO com.oc.webapp.WebappApplication [main] No active profile set, falling back to default profiles: default
2020-01-22 16:52:55,564 DEBUG com.oc.webapp.WebappApplication$1 [main] Code archive: C:\env\maven\repository\org\springframework\boot\spring-boot\2.2.2.RELEASE\spring-boot-2.2.2.RELEASE.jar
2020-01-22 16:52:55,564 DEBUG com.oc.webapp.WebappApplication$1 [main] Code archive: C:\env\maven\repository\org\springframework\boot\spring-boot\2.2.2.RELEASE\spring-boot-2.2.2.RELEASE.jar
2020-01-22 16:52:55,565 DEBUG com.oc.webapp.WebappApplication$1 [main] None of the document roots [src/main/webapp, public, static] point to a directory and will be ignored.
2020-01-22 16:52:57,944 INFO com.oc.webapp.WebappApplication [main] Started WebappApplication in 5.211 seconds (JVM running for 5.909)
2020-01-22 16:53:10,902 INFO com.oc.webapp.web.controllers.WebappController [https-jsse-nio-9002-exec-3] Reach url: / - GET
2020-01-22 16:53:12,932 INFO com.oc.webapp.web.controllers.WebappController [https-jsse-nio-9002-exec-6] Reach url: /connexion - GET
2020-01-22 16:53:14,554 INFO com.oc.webapp.web.controllers.WebappController [https-jsse-nio-9002-exec-9] Reach url: /connexion - GET
2020-01-22 16:53:19,161 INFO com.oc.webapp.web.controllers.WebappController [https-jsse-nio-9002-exec-2] Reach url: /connexion - GET
2020-01-22 16:53:20,670 INFO com.oc.webapp.web.controllers.WebappController [https-jsse-nio-9002-exec-5] Reach url: /connexion - GET
2020-01-22 16:53:21,750 INFO com.oc.webapp.web.controllers.WebappController [https-jsse-nio-9002-exec-8] Reach url: /connexion - GET
2020-01-22 16:53:22,561 INFO com.oc.webapp.web.controllers.WebappController [https-jsse-nio-9002-exec-1] Reach url: /connexion - GET
2020-01-22 16:53:23,023 INFO com.oc.webapp.web.controllers.WebappController [https-jsse-nio-9002-exec-3] Reach url: /connexion - GET
2020-01-22 16:53:23,515 INFO com.oc.webapp.web.controllers.WebappController [https-jsse-nio-9002-exec-7] Reach url: /connexion - GET
2020-01-22 17:01:04,946 INFO com.oc.webapp.WebappApplication [main] No active profile set, falling back to default profiles: default
2020-01-22 17:01:06,020 DEBUG com.oc.webapp.WebappApplication$1 [main] Code archive: C:\env\maven\repository\org\springframework\boot\spring-boot\2.2.2.RELEASE\spring-boot-2.2.2.RELEASE.jar
2020-01-22 17:01:06,021 DEBUG com.oc.webapp.WebappApplication$1 [main] Code archive: C:\env\maven\repository\org\springframework\boot\spring-boot\2.2.2.RELEASE\spring-boot-2.2.2.RELEASE.jar
2020-01-22 17:01:06,021 DEBUG com.oc.webapp.WebappApplication$1 [main] None of the document roots [src/main/webapp, public, static] point to a directory and will be ignored.
2020-01-22 17:01:08,087 INFO com.oc.webapp.WebappApplication [main] Started WebappApplication in 4.356 seconds (JVM running for 4.898)
2020-01-22 17:01:16,120 INFO com.oc.webapp.web.controllers.WebappController [https-jsse-nio-9002-exec-4] Reach url: /books - GET
2020-01-22 17:01:18,803 INFO com.oc.webapp.web.controllers.WebappController [https-jsse-nio-9002-exec-9] Reach url: /connexion - GET
2020-01-22 17:01:20,786 DEBUG com.oc.webapp.security.UserPrincipalDetailsService [https-jsse-nio-9002-exec-7] Username is empty
2020-01-22 17:01:20,789 ERROR org.apache.catalina.core.ContainerBase.[Tomcat].[localhost].[/].[dispatcherServlet] [https-jsse-nio-9002-exec-7] Servlet.service() for servlet [dispatcherServlet] in context with path [] threw exception
java.lang.NullPointerException: null
	at com.oc.webapp.security.UserPrincipal.getPassword(UserPrincipal.java:46)
	at org.springframework.security.authentication.dao.DaoAuthenticationProvider.additionalAuthenticationChecks(DaoAuthenticationProvider.java:90)
	at org.springframework.security.authentication.dao.AbstractUserDetailsAuthenticationProvider.authenticate(AbstractUserDetailsAuthenticationProvider.java:166)
	at org.springframework.security.authentication.ProviderManager.authenticate(ProviderManager.java:175)
	at org.springframework.security.authentication.ProviderManager.authenticate(ProviderManager.java:195)
	at org.springframework.security.web.authentication.UsernamePasswordAuthenticationFilter.attemptAuthentication(UsernamePasswordAuthenticationFilter.java:95)
	at org.springframework.security.web.authentication.AbstractAuthenticationProcessingFilter.doFilter(AbstractAuthenticationProcessingFilter.java:212)
	at org.springframework.security.web.FilterChainProxy$VirtualFilterChain.doFilter(FilterChainProxy.java:334)
	at org.springframework.security.web.authentication.logout.LogoutFilter.doFilter(LogoutFilter.java:116)
	at org.springframework.security.web.FilterChainProxy$VirtualFilterChain.doFilter(FilterChainProxy.java:334)
	at org.springframework.security.web.csrf.CsrfFilter.doFilterInternal(CsrfFilter.java:141)
	at org.springframework.web.filter.OncePerRequestFilter.doFilter(OncePerRequestFilter.java:119)
	at org.springframework.security.web.FilterChainProxy$VirtualFilterChain.doFilter(FilterChainProxy.java:334)
	at org.springframework.security.web.header.HeaderWriterFilter.doHeadersAfter(HeaderWriterFilter.java:92)
	at org.springframework.security.web.header.HeaderWriterFilter.doFilterInternal(HeaderWriterFilter.java:77)
	at org.springframework.web.filter.OncePerRequestFilter.doFilter(OncePerRequestFilter.java:119)
	at org.springframework.security.web.FilterChainProxy$VirtualFilterChain.doFilter(FilterChainProxy.java:334)
	at org.springframework.security.web.context.SecurityContextPersistenceFilter.doFilter(SecurityContextPersistenceFilter.java:105)
	at org.springframework.security.web.FilterChainProxy$VirtualFilterChain.doFilter(FilterChainProxy.java:334)
	at org.springframework.security.web.context.request.async.WebAsyncManagerIntegrationFilter.doFilterInternal(WebAsyncManagerIntegrationFilter.java:56)
	at org.springframework.web.filter.OncePerRequestFilter.doFilter(OncePerRequestFilter.java:119)
	at org.springframework.security.web.FilterChainProxy$VirtualFilterChain.doFilter(FilterChainProxy.java:334)
	at org.springframework.security.web.FilterChainProxy.doFilterInternal(FilterChainProxy.java:215)
	at org.springframework.security.web.FilterChainProxy.doFilter(FilterChainProxy.java:178)
	at org.springframework.web.filter.DelegatingFilterProxy.invokeDelegate(DelegatingFilterProxy.java:358)
	at org.springframework.web.filter.DelegatingFilterProxy.doFilter(DelegatingFilterProxy.java:271)
	at org.apache.catalina.core.ApplicationFilterChain.internalDoFilter(ApplicationFilterChain.java:193)
	at org.apache.catalina.core.ApplicationFilterChain.doFilter(ApplicationFilterChain.java:166)
	at org.springframework.web.filter.RequestContextFilter.doFilterInternal(RequestContextFilter.java:100)
	at org.springframework.web.filter.OncePerRequestFilter.doFilter(OncePerRequestFilter.java:119)
	at org.apache.catalina.core.ApplicationFilterChain.internalDoFilter(ApplicationFilterChain.java:193)
	at org.apache.catalina.core.ApplicationFilterChain.doFilter(ApplicationFilterChain.java:166)
	at org.springframework.web.filter.FormContentFilter.doFilterInternal(FormContentFilter.java:93)
	at org.springframework.web.filter.OncePerRequestFilter.doFilter(OncePerRequestFilter.java:119)
	at org.apache.catalina.core.ApplicationFilterChain.internalDoFilter(ApplicationFilterChain.java:193)
	at org.apache.catalina.core.ApplicationFilterChain.doFilter(ApplicationFilterChain.java:166)
	at org.springframework.web.filter.CharacterEncodingFilter.doFilterInternal(CharacterEncodingFilter.java:201)
	at org.springframework.web.filter.OncePerRequestFilter.doFilter(OncePerRequestFilter.java:119)
	at org.apache.catalina.core.ApplicationFilterChain.internalDoFilter(ApplicationFilterChain.java:193)
	at org.apache.catalina.core.ApplicationFilterChain.doFilter(ApplicationFilterChain.java:166)
	at org.apache.catalina.core.StandardWrapperValve.invoke(StandardWrapperValve.java:202)
	at org.apache.catalina.core.StandardContextValve.invoke(StandardContextValve.java:96)
	at org.apache.catalina.authenticator.AuthenticatorBase.invoke(AuthenticatorBase.java:643)
	at org.apache.catalina.core.StandardHostValve.invoke(StandardHostValve.java:139)
	at org.apache.catalina.valves.ErrorReportValve.invoke(ErrorReportValve.java:92)
	at org.apache.catalina.core.StandardEngineValve.invoke(StandardEngineValve.java:74)
	at org.apache.catalina.connector.CoyoteAdapter.service(CoyoteAdapter.java:343)
	at org.apache.coyote.http11.Http11Processor.service(Http11Processor.java:367)
	at org.apache.coyote.AbstractProcessorLight.process(AbstractProcessorLight.java:65)
	at org.apache.coyote.AbstractProtocol$ConnectionHandler.process(AbstractProtocol.java:860)
	at org.apache.tomcat.util.net.NioEndpoint$SocketProcessor.doRun(NioEndpoint.java:1591)
	at org.apache.tomcat.util.net.SocketProcessorBase.run(SocketProcessorBase.java:49)
	at java.util.concurrent.ThreadPoolExecutor.runWorker(ThreadPoolExecutor.java:1149)
	at java.util.concurrent.ThreadPoolExecutor$Worker.run(ThreadPoolExecutor.java:624)
	at org.apache.tomcat.util.threads.TaskThread$WrappingRunnable.run(TaskThread.java:61)
	at java.lang.Thread.run(Thread.java:748)
2020-01-22 17:11:16,230 INFO com.oc.webapp.WebappApplication [main] No active profile set, falling back to default profiles: default
2020-01-22 17:11:17,284 DEBUG com.oc.webapp.WebappApplication$1 [main] Code archive: C:\env\maven\repository\org\springframework\boot\spring-boot\2.2.2.RELEASE\spring-boot-2.2.2.RELEASE.jar
2020-01-22 17:11:17,284 DEBUG com.oc.webapp.WebappApplication$1 [main] Code archive: C:\env\maven\repository\org\springframework\boot\spring-boot\2.2.2.RELEASE\spring-boot-2.2.2.RELEASE.jar
2020-01-22 17:11:17,285 DEBUG com.oc.webapp.WebappApplication$1 [main] None of the document roots [src/main/webapp, public, static] point to a directory and will be ignored.
2020-01-22 17:11:19,355 INFO com.oc.webapp.WebappApplication [main] Started WebappApplication in 4.248 seconds (JVM running for 4.827)
2020-01-22 17:11:31,555 INFO com.oc.webapp.web.controllers.WebappController [https-jsse-nio-9002-exec-4] Reach url: / - GET
2020-01-22 17:11:33,488 INFO com.oc.webapp.web.controllers.WebappController [https-jsse-nio-9002-exec-5] Reach url: /connexion - GET
2020-01-22 17:11:34,907 DEBUG com.oc.webapp.security.UserPrincipalDetailsService [https-jsse-nio-9002-exec-7] Username is empty
2020-01-22 17:11:34,977 INFO com.oc.webapp.web.controllers.WebappController [https-jsse-nio-9002-exec-8] Reach url: /connexion - GET
2020-01-22 17:11:45,024 DEBUG com.oc.webapp.security.UserPrincipalDetailsService [https-jsse-nio-9002-exec-10] Username is empty
2020-01-22 17:11:45,094 INFO com.oc.webapp.web.controllers.WebappController [https-jsse-nio-9002-exec-1] Reach url: /connexion - GET
2020-01-22 17:12:02,666 DEBUG com.oc.webapp.security.UserPrincipalDetailsService [https-jsse-nio-9002-exec-3] No user found with email user@test.com
2020-01-22 17:12:02,735 INFO com.oc.webapp.web.controllers.WebappController [https-jsse-nio-9002-exec-4] Reach url: /connexion - GET
