2020-01-27 11:29:21,197 INFO com.oc.webapp.WebappApplication [main] No active profile set, falling back to default profiles: default
2020-01-27 11:29:22,428 DEBUG com.oc.webapp.WebappApplication$1 [main] Code archive: C:\env\maven\repository\org\springframework\boot\spring-boot\2.2.2.RELEASE\spring-boot-2.2.2.RELEASE.jar
2020-01-27 11:29:22,428 DEBUG com.oc.webapp.WebappApplication$1 [main] Code archive: C:\env\maven\repository\org\springframework\boot\spring-boot\2.2.2.RELEASE\spring-boot-2.2.2.RELEASE.jar
2020-01-27 11:29:22,429 DEBUG com.oc.webapp.WebappApplication$1 [main] None of the document roots [src/main/webapp, public, static] point to a directory and will be ignored.
2020-01-27 11:29:24,663 INFO com.oc.webapp.WebappApplication [main] Started WebappApplication in 4.676 seconds (JVM running for 5.394)
2020-01-27 11:29:43,448 INFO com.oc.webapp.web.controllers.WebappController [https-jsse-nio-9002-exec-7] Reach url: / - GET
2020-01-27 11:30:27,647 INFO com.oc.webapp.web.controllers.WebappController [https-jsse-nio-9002-exec-1] Reach url: /connexion - GET
2020-01-27 14:54:12,966 INFO com.oc.webapp.web.controllers.WebappController [https-jsse-nio-9002-exec-8] Reach url: /books - GET
2020-01-27 14:54:14,176 INFO com.oc.webapp.web.controllers.WebappController [https-jsse-nio-9002-exec-2] Reach url: /connexion - GET
2020-01-27 14:54:19,068 INFO com.oc.webapp.web.controllers.WebappController [https-jsse-nio-9002-exec-4] Reach url: /books - GET
2020-01-27 15:07:08,545 INFO com.oc.webapp.WebappApplication [main] No active profile set, falling back to default profiles: default
2020-01-27 15:07:09,668 DEBUG com.oc.webapp.WebappApplication$1 [main] Code archive: C:\env\maven\repository\org\springframework\boot\spring-boot\2.2.2.RELEASE\spring-boot-2.2.2.RELEASE.jar
2020-01-27 15:07:09,668 DEBUG com.oc.webapp.WebappApplication$1 [main] Code archive: C:\env\maven\repository\org\springframework\boot\spring-boot\2.2.2.RELEASE\spring-boot-2.2.2.RELEASE.jar
2020-01-27 15:07:09,668 DEBUG com.oc.webapp.WebappApplication$1 [main] None of the document roots [src/main/webapp, public, static] point to a directory and will be ignored.
2020-01-27 15:07:11,829 INFO com.oc.webapp.WebappApplication [main] Started WebappApplication in 4.402 seconds (JVM running for 4.972)
2020-01-27 15:07:40,140 INFO com.oc.webapp.web.controllers.WebappController [https-jsse-nio-9002-exec-7] Reach url: / - GET
2020-01-27 15:14:03,906 INFO com.oc.webapp.web.controllers.WebappController [https-jsse-nio-9002-exec-5] Reach url: /books - GET
2020-01-27 15:14:14,775 INFO com.oc.webapp.web.controllers.WebappController [https-jsse-nio-9002-exec-1] Reach url: /books - GET
2020-01-27 15:15:05,932 INFO com.oc.webapp.web.controllers.WebappController [https-jsse-nio-9002-exec-2] Reach url: /connexion - GET
2020-01-27 15:15:16,824 INFO com.oc.webapp.web.controllers.WebappController [https-jsse-nio-9002-exec-8] Reach url: / - GET
2020-01-27 15:15:33,176 INFO com.oc.webapp.web.controllers.WebappController [https-jsse-nio-9002-exec-4] Reach url: /profile - GET
2020-01-27 15:15:33,177 DEBUG com.oc.webapp.service.impl.WebappServiceImpl [https-jsse-nio-9002-exec-4] Getting active borrows for current authenticated user
2020-01-27 15:15:33,177 DEBUG com.oc.webapp.service.impl.WebappServiceImpl [https-jsse-nio-9002-exec-4] Getting authenticated current user id
2020-01-27 15:16:00,396 INFO com.oc.webapp.web.controllers.WebappController [https-jsse-nio-9002-exec-3] Reach url: /profile - POST
2020-01-27 15:16:00,396 DEBUG com.oc.webapp.service.impl.WebappServiceImpl [https-jsse-nio-9002-exec-3] Extending Borrow bean duration
2020-01-27 15:16:00,698 INFO com.oc.webapp.web.controllers.WebappController [https-jsse-nio-9002-exec-7] Reach url: /profile - GET
2020-01-27 15:16:00,698 DEBUG com.oc.webapp.service.impl.WebappServiceImpl [https-jsse-nio-9002-exec-7] Getting active borrows for current authenticated user
2020-01-27 15:16:00,698 DEBUG com.oc.webapp.service.impl.WebappServiceImpl [https-jsse-nio-9002-exec-7] Getting authenticated current user id
2020-01-27 18:33:39,618 INFO com.oc.webapp.WebappApplication [main] No active profile set, falling back to default profiles: default
2020-01-27 18:33:40,840 DEBUG com.oc.webapp.WebappApplication$1 [main] Code archive: C:\env\maven\repository\org\springframework\boot\spring-boot\2.2.2.RELEASE\spring-boot-2.2.2.RELEASE.jar
2020-01-27 18:33:40,842 DEBUG com.oc.webapp.WebappApplication$1 [main] Code archive: C:\env\maven\repository\org\springframework\boot\spring-boot\2.2.2.RELEASE\spring-boot-2.2.2.RELEASE.jar
2020-01-27 18:33:40,843 DEBUG com.oc.webapp.WebappApplication$1 [main] None of the document roots [src/main/webapp, public, static] point to a directory and will be ignored.
2020-01-27 18:33:43,011 INFO com.oc.webapp.WebappApplication [main] Started WebappApplication in 4.636 seconds (JVM running for 5.26)
2020-01-27 18:37:06,344 INFO com.oc.webapp.web.controllers.WebappController [https-jsse-nio-9002-exec-7] Reach url: / - GET
2020-01-27 18:37:08,258 INFO com.oc.webapp.web.controllers.WebappController [https-jsse-nio-9002-exec-10] Reach url: /books - GET
